[debug] [2025-08-15T18:20:53.478Z] ----------------------------------------------------------------------
[debug] [2025-08-15T18:20:53.482Z] Command:       C:\Program Files\nodejs\node.exe C:\Users\DFIT\AppData\Roaming\npm\node_modules\firebase-tools\lib\bin\firebase.js deploy --only hosting --debug
[debug] [2025-08-15T18:20:53.482Z] CLI Version:   14.12.1
[debug] [2025-08-15T18:20:53.483Z] Platform:      win32
[debug] [2025-08-15T18:20:53.483Z] Node Version:  v22.12.0
[debug] [2025-08-15T18:20:53.483Z] Time:          Sat Aug 16 2025 00:20:53 GMT+0600 (Bangladesh Standard Time)
[debug] [2025-08-15T18:20:53.483Z] ----------------------------------------------------------------------
[debug] 
[debug] [2025-08-15T18:20:53.788Z] > command requires scopes: ["email","openid","https://www.googleapis.com/auth/cloudplatformprojects.readonly","https://www.googleapis.com/auth/firebase","https://www.googleapis.com/auth/cloud-platform"]
[debug] [2025-08-15T18:20:53.789Z] > authorizing via signed-in user (asifdinar7@gmail.com)
[debug] [2025-08-15T18:20:53.790Z] [iam] checking project sohagphysics2 for permissions ["firebase.projects.get","firebasehosting.sites.update"]
[debug] [2025-08-15T18:20:53.792Z] Checked if tokens are valid: true, expires at: 1755285626324
[debug] [2025-08-15T18:20:53.792Z] Checked if tokens are valid: true, expires at: 1755285626324
[debug] [2025-08-15T18:20:53.794Z] >>> [apiv2][query] POST https://cloudresourcemanager.googleapis.com/v1/projects/sohagphysics2:testIamPermissions [none]
[debug] [2025-08-15T18:20:53.795Z] >>> [apiv2][(partial)header] POST https://cloudresourcemanager.googleapis.com/v1/projects/sohagphysics2:testIamPermissions x-goog-quota-user=projects/sohagphysics2
[debug] [2025-08-15T18:20:53.795Z] >>> [apiv2][body] POST https://cloudresourcemanager.googleapis.com/v1/projects/sohagphysics2:testIamPermissions {"permissions":["firebase.projects.get","firebasehosting.sites.update"]}
[debug] [2025-08-15T18:20:55.953Z] <<< [apiv2][status] POST https://cloudresourcemanager.googleapis.com/v1/projects/sohagphysics2:testIamPermissions 200
[debug] [2025-08-15T18:20:55.955Z] <<< [apiv2][body] POST https://cloudresourcemanager.googleapis.com/v1/projects/sohagphysics2:testIamPermissions {"permissions":["firebase.projects.get","firebasehosting.sites.update"]}
[debug] [2025-08-15T18:20:55.957Z] Checked if tokens are valid: true, expires at: 1755285626324
[debug] [2025-08-15T18:20:55.958Z] Checked if tokens are valid: true, expires at: 1755285626324
[debug] [2025-08-15T18:20:55.959Z] >>> [apiv2][query] GET https://firebase.googleapis.com/v1beta1/projects/sohagphysics2 [none]
[debug] [2025-08-15T18:20:56.758Z] <<< [apiv2][status] GET https://firebase.googleapis.com/v1beta1/projects/sohagphysics2 200
[debug] [2025-08-15T18:20:56.759Z] <<< [apiv2][body] GET https://firebase.googleapis.com/v1beta1/projects/sohagphysics2 {"projectId":"sohagphysics2","projectNumber":"568806338937","displayName":"sohagphysics2","name":"projects/sohagphysics2","resources":{"hostingSite":"sohagphysics2","locationId":"asia-southeast1"},"state":"ACTIVE","etag":"1_cbe57119-f310-4755-a21e-741b2b62b160"}
[info] 
[info] === Deploying to 'sohagphysics2'...
[info] 
[info] i  deploying hosting 
[debug] [2025-08-15T18:20:56.778Z] Checked if tokens are valid: true, expires at: 1755285626324
[debug] [2025-08-15T18:20:56.779Z] Checked if tokens are valid: true, expires at: 1755285626324
[debug] [2025-08-15T18:20:56.780Z] >>> [apiv2][query] POST https://firebasehosting.googleapis.com/v1beta1/projects/-/sites/sohagphysics2/versions [none]
[debug] [2025-08-15T18:20:56.781Z] >>> [apiv2][body] POST https://firebasehosting.googleapis.com/v1beta1/projects/-/sites/sohagphysics2/versions {"status":"CREATED","labels":{"deployment-tool":"cli-firebase"}}
[debug] [2025-08-15T18:21:01.333Z] <<< [apiv2][status] POST https://firebasehosting.googleapis.com/v1beta1/projects/-/sites/sohagphysics2/versions 200
[debug] [2025-08-15T18:21:01.334Z] <<< [apiv2][body] POST https://firebasehosting.googleapis.com/v1beta1/projects/-/sites/sohagphysics2/versions {"name":"projects/568806338937/sites/sohagphysics2/versions/8c92d7094ac23152","status":"CREATED","config":{},"labels":{"deployment-tool":"cli-firebase"}}
[info] i  hosting[sohagphysics2]: beginning deploy... 
[info] i  hosting[sohagphysics2]: found 18 files in dist 
[debug] [2025-08-15T18:21:01.388Z] [hosting] uploading with 200 concurrency
[debug] [2025-08-15T18:21:01.646Z] Checked if tokens are valid: true, expires at: 1755285626324
[debug] [2025-08-15T18:21:01.647Z] Checked if tokens are valid: true, expires at: 1755285626324
[debug] [2025-08-15T18:21:01.650Z] [hosting] hash cache [ZGlzdA] stored for 18 files
[debug] [2025-08-15T18:21:01.652Z] [hosting][hash queue][FINAL] {"max":242,"min":7,"avg":29.27777777777778,"active":0,"complete":18,"success":18,"errored":0,"retried":0,"total":18,"elapsed":259}
[debug] [2025-08-15T18:21:01.654Z] >>> [apiv2][query] POST https://firebasehosting.googleapis.com/v1beta1/projects/568806338937/sites/sohagphysics2/versions/8c92d7094ac23152:populateFiles [none]
[debug] [2025-08-15T18:21:01.655Z] >>> [apiv2][body] POST https://firebasehosting.googleapis.com/v1beta1/projects/568806338937/sites/sohagphysics2/versions/8c92d7094ac23152:populateFiles {"files":{"/profile.jpg":"048e5b0d5d39e7eef7b55ff7e7a3c66d3cc382d38adabcd6760adb96e445a479","/logo.png":"b1de0afdd2e98a23bb081b6fce80e0dfed5e44c834454ba8919c53c207d01e47","/logo cropped.png":"69d44433d9c636aae52ad9298c0fc33417f7a9595ad64c2409168822a994b6a9","/ChapterNames.json":"ed3d52bdef44ed69663686b6fd7e4217b9e370a53c7a126302921bade9461b23","/bwlogo.png":"6aad70340827d7ce4d6856bb8189b37698ba5589b692b99cbc95ce6d1fb5cb4d","/banner.jpg":"63ef9446cb30bc6a9aa1026600e2f5fed440b218146aea10ce594c182ddcc732","/asif.jpg":"a46fe8d8da8e96c345277322e580bcba19bbe38fd58ecf401a566e62ad53303e","/LottieFiles/registrationAnimation.json":"433090fc61a476cfa4cb3327b7a372257891f776b503d48349b114839f355e4c","/LottieFiles/logoAnimation.json":"a22da6acac26b4b4be6f92b83807b0fe04bf3872285b3729601e7796cf73c02b","/LottieFiles/loginAnimation.json":"03e07f378f979a73bcf5d39a9ca68def3f194bb0d2d26932e3b985c7799681ac","/LottieFiles/loadingAnimation.json":"2c16452043291c5da03117b69f01dd25816f1dea0c0488fb70f3912d7068ec73","/LottieFiles/libraryAnimation.json":"53fb0829fe5739a46617b42c86c42dc9bce068044fe80e98bcdc376d07133b61","/index.html":"2b3f1d3ef8b9002492c3ac3528c25841a0a14f86cd70cf589d06eda5a85bd439","/assets/purify.es-a-CayzAK.js":"73905e3915ea34feb225937d7230e86848a77da15ecc1d2673f73f4b1cf4ab48","/assets/index-_djOvWf9.css":"9d661c1ef7efd974e3e2730c1cce8364bd6bcb3e9b5c838e5b165141ddccfe2a","/assets/index.es-Dz-4R_zl.js":"bf7317c81742e8e1ed384c8df02b0f8eb93ea65b53b6420e7fae4edc8bf45774","/assets/html2canvas.esm-CBrSDip1.js":"ded7ecd5734581383939d1afccae5caec1522d744916c1a8238850e3728709cb","/assets/index-CHxoRKR4.js":"d0220e2aa78e7c5c746ddda727f54cdc89fd765994841730404cf6b9e402a669"}}
[info] i  hosting: adding files to version [0/18] (0%) 
[info] i  hosting: adding files to version [0/18] (0%) 
[debug] [2025-08-15T18:21:05.732Z] <<< [apiv2][status] POST https://firebasehosting.googleapis.com/v1beta1/projects/568806338937/sites/sohagphysics2/versions/8c92d7094ac23152:populateFiles 200
[debug] [2025-08-15T18:21:05.733Z] <<< [apiv2][body] POST https://firebasehosting.googleapis.com/v1beta1/projects/568806338937/sites/sohagphysics2/versions/8c92d7094ac23152:populateFiles {"uploadRequiredHashes":["d0220e2aa78e7c5c746ddda727f54cdc89fd765994841730404cf6b9e402a669"],"uploadUrl":"https://upload-firebasehosting.googleapis.com/upload/sites/sohagphysics2/versions/8c92d7094ac23152/files"}
[debug] [2025-08-15T18:21:05.736Z] Checked if tokens are valid: true, expires at: 1755285626324
[debug] [2025-08-15T18:21:05.736Z] Checked if tokens are valid: true, expires at: 1755285626324
[debug] [2025-08-15T18:21:05.737Z] >>> [apiv2][query] POST https://upload-firebasehosting.googleapis.com/upload/sites/sohagphysics2/versions/8c92d7094ac23152/files/d0220e2aa78e7c5c746ddda727f54cdc89fd765994841730404cf6b9e402a669 [none]
[debug] [2025-08-15T18:21:05.738Z] >>> [apiv2][body] POST https://upload-firebasehosting.googleapis.com/upload/sites/sohagphysics2/versions/8c92d7094ac23152/files/d0220e2aa78e7c5c746ddda727f54cdc89fd765994841730404cf6b9e402a669 [stream]
[debug] [2025-08-15T18:21:05.742Z] [hosting][populate queue][FINAL] {"max":4091,"min":4091,"avg":4091,"active":0,"complete":1,"success":1,"errored":0,"retried":0,"total":1,"elapsed":4096}
[debug] [2025-08-15T18:21:05.743Z] [hosting] uploads queued: 1
[info] i  hosting: uploading new files [0/1] (0%) 
[info] i  hosting: uploading new files [0/1] (0%) 
[info] i  hosting: uploading new files [0/1] (0%) 
[info] i  hosting: uploading new files [0/1] (0%) 
[info] i  hosting: uploading new files [0/1] (0%) 
[info] i  hosting: uploading new files [0/1] (0%) 
[info] i  hosting: uploading new files [0/1] (0%) 
[info] i  hosting: uploading new files [0/1] (0%) 
[info] i  hosting: uploading new files [0/1] (0%) 
[info] i  hosting: uploading new files [0/1] (0%) 
[info] i  hosting: uploading new files [0/1] (0%) 
[info] i  hosting: uploading new files [0/1] (0%) 
[info] i  hosting: uploading new files [0/1] (0%) 
[info] i  hosting: uploading new files [0/1] (0%) 
[info] i  hosting: uploading new files [0/1] (0%) 
[info] i  hosting: uploading new files [0/1] (0%) 
[info] i  hosting: uploading new files [0/1] (0%) 
[info] i  hosting: uploading new files [0/1] (0%) 
[info] i  hosting: uploading new files [0/1] (0%) 
[info] i  hosting: uploading new files [0/1] (0%) 
[info] i  hosting: uploading new files [0/1] (0%) 
[info] i  hosting: uploading new files [0/1] (0%) 
[info] i  hosting: uploading new files [0/1] (0%) 
[debug] [2025-08-15T18:21:53.161Z] [uploadQueue] Retrying task d0220e2aa78e7c5c746ddda727f54cdc89fd765994841730404cf6b9e402a669
[debug] [2025-08-15T18:21:53.164Z] Checked if tokens are valid: true, expires at: 1755285626324
[debug] [2025-08-15T18:21:53.165Z] Checked if tokens are valid: true, expires at: 1755285626324
[debug] [2025-08-15T18:21:53.166Z] >>> [apiv2][query] POST https://upload-firebasehosting.googleapis.com/upload/sites/sohagphysics2/versions/8c92d7094ac23152/files/d0220e2aa78e7c5c746ddda727f54cdc89fd765994841730404cf6b9e402a669 [none]
[debug] [2025-08-15T18:21:53.167Z] >>> [apiv2][body] POST https://upload-firebasehosting.googleapis.com/upload/sites/sohagphysics2/versions/8c92d7094ac23152/files/d0220e2aa78e7c5c746ddda727f54cdc89fd765994841730404cf6b9e402a669 [stream]
[info] i  hosting: uploading new files [0/1] (0%) 
[info] i  hosting: uploading new files [0/1] (0%) 
[info] i  hosting: uploading new files [0/1] (0%) 
[info] i  hosting: uploading new files [0/1] (0%) 
[info] i  hosting: uploading new files [0/1] (0%) 
[info] i  hosting: uploading new files [0/1] (0%) 
[info] i  hosting: uploading new files [0/1] (0%) 
[info] i  hosting: uploading new files [0/1] (0%) 
[info] i  hosting: uploading new files [0/1] (0%) 
[info] i  hosting: uploading new files [0/1] (0%) 
[info] i  hosting: uploading new files [0/1] (0%) 
[info] i  hosting: uploading new files [0/1] (0%) 
[info] i  hosting: uploading new files [0/1] (0%) 
[info] i  hosting: uploading new files [0/1] (0%) 
[info] i  hosting: uploading new files [0/1] (0%) 
[info] i  hosting: uploading new files [0/1] (0%) 
[info] i  hosting: uploading new files [0/1] (0%) 
[info] i  hosting: uploading new files [0/1] (0%) 
[info] i  hosting: uploading new files [0/1] (0%) 
[info] i  hosting: uploading new files [0/1] (0%) 
[info] i  hosting: uploading new files [0/1] (0%) 
[info] i  hosting: uploading new files [0/1] (0%) 
[info] i  hosting: uploading new files [0/1] (0%) 
[info] i  hosting: uploading new files [0/1] (0%) 
[debug] [2025-08-15T18:22:40.958Z] [uploadQueue] Retrying task d0220e2aa78e7c5c746ddda727f54cdc89fd765994841730404cf6b9e402a669
[debug] [2025-08-15T18:22:40.960Z] Checked if tokens are valid: true, expires at: 1755285626324
[debug] [2025-08-15T18:22:40.961Z] Checked if tokens are valid: true, expires at: 1755285626324
[debug] [2025-08-15T18:22:40.962Z] >>> [apiv2][query] POST https://upload-firebasehosting.googleapis.com/upload/sites/sohagphysics2/versions/8c92d7094ac23152/files/d0220e2aa78e7c5c746ddda727f54cdc89fd765994841730404cf6b9e402a669 [none]
[debug] [2025-08-15T18:22:40.963Z] >>> [apiv2][body] POST https://upload-firebasehosting.googleapis.com/upload/sites/sohagphysics2/versions/8c92d7094ac23152/files/d0220e2aa78e7c5c746ddda727f54cdc89fd765994841730404cf6b9e402a669 [stream]
[info] i  hosting: uploading new files [0/1] (0%) 
[info] i  hosting: uploading new files [0/1] (0%) 
[info] i  hosting: uploading new files [0/1] (0%) 
[info] i  hosting: uploading new files [0/1] (0%) 
[info] i  hosting: uploading new files [0/1] (0%) 
[info] i  hosting: uploading new files [0/1] (0%) 
[info] i  hosting: uploading new files [0/1] (0%) 
[info] i  hosting: uploading new files [0/1] (0%) 
[info] i  hosting: uploading new files [0/1] (0%) 
[info] i  hosting: uploading new files [0/1] (0%) 
[info] i  hosting: uploading new files [0/1] (0%) 
[info] i  hosting: uploading new files [0/1] (0%) 
[info] i  hosting: uploading new files [0/1] (0%) 
[info] i  hosting: uploading new files [0/1] (0%) 
[info] i  hosting: uploading new files [0/1] (0%) 
[info] i  hosting: uploading new files [0/1] (0%) 
[info] i  hosting: uploading new files [0/1] (0%) 
[info] i  hosting: uploading new files [0/1] (0%) 
[info] i  hosting: uploading new files [0/1] (0%) 
[info] i  hosting: uploading new files [0/1] (0%) 
[info] i  hosting: uploading new files [0/1] (0%) 
[info] i  hosting: uploading new files [0/1] (0%) 
[info] i  hosting: uploading new files [0/1] (0%) 
[info] i  hosting: uploading new files [0/1] (0%) 
[debug] [2025-08-15T18:32:13.288Z] ----------------------------------------------------------------------
[debug] [2025-08-15T18:32:13.296Z] Command:       C:\Program Files\nodejs\node.exe C:\Users\DFIT\AppData\Roaming\npm\node_modules\firebase-tools\lib\bin\firebase.js deploy
[debug] [2025-08-15T18:32:13.297Z] CLI Version:   14.12.1
[debug] [2025-08-15T18:32:13.297Z] Platform:      win32
[debug] [2025-08-15T18:32:13.298Z] Node Version:  v22.12.0
[debug] [2025-08-15T18:32:13.299Z] Time:          Sat Aug 16 2025 00:32:13 GMT+0600 (Bangladesh Standard Time)
[debug] [2025-08-15T18:32:13.299Z] ----------------------------------------------------------------------
[debug] 
[debug] [2025-08-15T18:32:13.669Z] > command requires scopes: ["email","openid","https://www.googleapis.com/auth/cloudplatformprojects.readonly","https://www.googleapis.com/auth/firebase","https://www.googleapis.com/auth/cloud-platform"]
[debug] [2025-08-15T18:32:13.669Z] > authorizing via signed-in user (asifdinar7@gmail.com)
[debug] [2025-08-15T18:32:13.670Z] [iam] checking project sohagphysics2 for permissions ["firebase.projects.get","firebasehosting.sites.update"]
[debug] [2025-08-15T18:32:13.671Z] Checked if tokens are valid: true, expires at: 1755285626324
[debug] [2025-08-15T18:32:13.671Z] Checked if tokens are valid: true, expires at: 1755285626324
[debug] [2025-08-15T18:32:13.673Z] >>> [apiv2][query] POST https://cloudresourcemanager.googleapis.com/v1/projects/sohagphysics2:testIamPermissions [none]
[debug] [2025-08-15T18:32:13.673Z] >>> [apiv2][(partial)header] POST https://cloudresourcemanager.googleapis.com/v1/projects/sohagphysics2:testIamPermissions x-goog-quota-user=projects/sohagphysics2
[debug] [2025-08-15T18:32:13.673Z] >>> [apiv2][body] POST https://cloudresourcemanager.googleapis.com/v1/projects/sohagphysics2:testIamPermissions {"permissions":["firebase.projects.get","firebasehosting.sites.update"]}
[debug] [2025-08-15T18:32:15.815Z] <<< [apiv2][status] POST https://cloudresourcemanager.googleapis.com/v1/projects/sohagphysics2:testIamPermissions 200
[debug] [2025-08-15T18:32:15.816Z] <<< [apiv2][body] POST https://cloudresourcemanager.googleapis.com/v1/projects/sohagphysics2:testIamPermissions {"permissions":["firebase.projects.get","firebasehosting.sites.update"]}
[debug] [2025-08-15T18:32:15.816Z] Checked if tokens are valid: true, expires at: 1755285626324
[debug] [2025-08-15T18:32:15.816Z] Checked if tokens are valid: true, expires at: 1755285626324
[debug] [2025-08-15T18:32:15.817Z] >>> [apiv2][query] GET https://firebase.googleapis.com/v1beta1/projects/sohagphysics2 [none]
[debug] [2025-08-15T18:32:17.135Z] <<< [apiv2][status] GET https://firebase.googleapis.com/v1beta1/projects/sohagphysics2 200
[debug] [2025-08-15T18:32:17.136Z] <<< [apiv2][body] GET https://firebase.googleapis.com/v1beta1/projects/sohagphysics2 {"projectId":"sohagphysics2","projectNumber":"568806338937","displayName":"sohagphysics2","name":"projects/sohagphysics2","resources":{"hostingSite":"sohagphysics2","locationId":"asia-southeast1"},"state":"ACTIVE","etag":"1_cbe57119-f310-4755-a21e-741b2b62b160"}
[info] 
[info] === Deploying to 'sohagphysics2'...
[info] 
[info] i  deploying hosting 
[debug] [2025-08-15T18:32:17.144Z] Checked if tokens are valid: true, expires at: 1755285626324
[debug] [2025-08-15T18:32:17.144Z] Checked if tokens are valid: true, expires at: 1755285626324
[debug] [2025-08-15T18:32:17.144Z] >>> [apiv2][query] POST https://firebasehosting.googleapis.com/v1beta1/projects/-/sites/sohagphysics2/versions [none]
[debug] [2025-08-15T18:32:17.144Z] >>> [apiv2][body] POST https://firebasehosting.googleapis.com/v1beta1/projects/-/sites/sohagphysics2/versions {"status":"CREATED","labels":{"deployment-tool":"cli-firebase"}}
[debug] [2025-08-15T18:32:19.365Z] <<< [apiv2][status] POST https://firebasehosting.googleapis.com/v1beta1/projects/-/sites/sohagphysics2/versions 200
[debug] [2025-08-15T18:32:19.366Z] <<< [apiv2][body] POST https://firebasehosting.googleapis.com/v1beta1/projects/-/sites/sohagphysics2/versions {"name":"projects/568806338937/sites/sohagphysics2/versions/1448303d7732f411","status":"CREATED","config":{},"labels":{"deployment-tool":"cli-firebase"}}
[info] i  hosting[sohagphysics2]: beginning deploy... 
[info] i  hosting[sohagphysics2]: found 17 files in dist 
[debug] [2025-08-15T18:32:19.415Z] [hosting] uploading with 200 concurrency
[debug] [2025-08-15T18:32:19.712Z] Checked if tokens are valid: true, expires at: 1755285626324
[debug] [2025-08-15T18:32:19.713Z] Checked if tokens are valid: true, expires at: 1755285626324
[debug] [2025-08-15T18:32:19.715Z] [hosting] hash cache [ZGlzdA] stored for 17 files
[debug] [2025-08-15T18:32:19.715Z] [hosting][hash queue][FINAL] {"max":280,"min":4,"avg":26.529411764705884,"active":0,"complete":17,"success":17,"errored":0,"retried":0,"total":17,"elapsed":294}
[debug] [2025-08-15T18:32:19.716Z] >>> [apiv2][query] POST https://firebasehosting.googleapis.com/v1beta1/projects/568806338937/sites/sohagphysics2/versions/1448303d7732f411:populateFiles [none]
[debug] [2025-08-15T18:32:19.716Z] >>> [apiv2][body] POST https://firebasehosting.googleapis.com/v1beta1/projects/568806338937/sites/sohagphysics2/versions/1448303d7732f411:populateFiles {"files":{"/profile.jpg":"048e5b0d5d39e7eef7b55ff7e7a3c66d3cc382d38adabcd6760adb96e445a479","/logo.png":"b1de0afdd2e98a23bb081b6fce80e0dfed5e44c834454ba8919c53c207d01e47","/logo cropped.png":"69d44433d9c636aae52ad9298c0fc33417f7a9595ad64c2409168822a994b6a9","/ChapterNames.json":"ed3d52bdef44ed69663686b6fd7e4217b9e370a53c7a126302921bade9461b23","/bwlogo.png":"6aad70340827d7ce4d6856bb8189b37698ba5589b692b99cbc95ce6d1fb5cb4d","/banner.jpg":"63ef9446cb30bc6a9aa1026600e2f5fed440b218146aea10ce594c182ddcc732","/asif.jpg":"a46fe8d8da8e96c345277322e580bcba19bbe38fd58ecf401a566e62ad53303e","/LottieFiles/registrationAnimation.json":"433090fc61a476cfa4cb3327b7a372257891f776b503d48349b114839f355e4c","/LottieFiles/logoAnimation.json":"a22da6acac26b4b4be6f92b83807b0fe04bf3872285b3729601e7796cf73c02b","/LottieFiles/loginAnimation.json":"03e07f378f979a73bcf5d39a9ca68def3f194bb0d2d26932e3b985c7799681ac","/LottieFiles/loadingAnimation.json":"2c16452043291c5da03117b69f01dd25816f1dea0c0488fb70f3912d7068ec73","/LottieFiles/libraryAnimation.json":"53fb0829fe5739a46617b42c86c42dc9bce068044fe80e98bcdc376d07133b61","/index.html":"d98637a50c2db53f05778d760f42d996d3545f40cf385b4e2ba278d63129fd0e","/assets/vendor-UQjswnaN.css":"0aa993e6b1e307fd86e6ad224c3b00d1a27a0ed3858939c2c9ff5a55bd462f51","/assets/index-6ZG_Jfze.css":"08b5743cdc45d65bc5e466ad99b7652dfbfb31e3a9810801eddfc00a5712f9e3","/assets/index-ByGdpCoc.js":"8f55daf42ff9ec26199ec6029231f569a60adeb729cc7c1356b3ab6d1da09a37","/assets/vendor-BOvHFl_e.js":"7f27aeffe393e397ac575e5425a9335e0b4a4e913033acf002c5131afbe209e6"}}
[debug] [2025-08-15T18:32:21.172Z] <<< [apiv2][status] POST https://firebasehosting.googleapis.com/v1beta1/projects/568806338937/sites/sohagphysics2/versions/1448303d7732f411:populateFiles 200
[debug] [2025-08-15T18:32:21.173Z] <<< [apiv2][body] POST https://firebasehosting.googleapis.com/v1beta1/projects/568806338937/sites/sohagphysics2/versions/1448303d7732f411:populateFiles {"uploadRequiredHashes":["0aa993e6b1e307fd86e6ad224c3b00d1a27a0ed3858939c2c9ff5a55bd462f51","7f27aeffe393e397ac575e5425a9335e0b4a4e913033acf002c5131afbe209e6","d98637a50c2db53f05778d760f42d996d3545f40cf385b4e2ba278d63129fd0e","8f55daf42ff9ec26199ec6029231f569a60adeb729cc7c1356b3ab6d1da09a37","08b5743cdc45d65bc5e466ad99b7652dfbfb31e3a9810801eddfc00a5712f9e3"],"uploadUrl":"https://upload-firebasehosting.googleapis.com/upload/sites/sohagphysics2/versions/1448303d7732f411/files"}
[debug] [2025-08-15T18:32:21.176Z] Checked if tokens are valid: true, expires at: 1755285626324
[debug] [2025-08-15T18:32:21.176Z] Checked if tokens are valid: true, expires at: 1755285626324
[debug] [2025-08-15T18:32:21.177Z] Checked if tokens are valid: true, expires at: 1755285626324
[debug] [2025-08-15T18:32:21.178Z] Checked if tokens are valid: true, expires at: 1755285626324
[debug] [2025-08-15T18:32:21.179Z] Checked if tokens are valid: true, expires at: 1755285626324
[debug] [2025-08-15T18:32:21.179Z] Checked if tokens are valid: true, expires at: 1755285626324
[debug] [2025-08-15T18:32:21.181Z] Checked if tokens are valid: true, expires at: 1755285626324
[debug] [2025-08-15T18:32:21.182Z] Checked if tokens are valid: true, expires at: 1755285626324
[debug] [2025-08-15T18:32:21.183Z] Checked if tokens are valid: true, expires at: 1755285626324
[debug] [2025-08-15T18:32:21.183Z] Checked if tokens are valid: true, expires at: 1755285626324
[debug] [2025-08-15T18:32:21.184Z] >>> [apiv2][query] POST https://upload-firebasehosting.googleapis.com/upload/sites/sohagphysics2/versions/1448303d7732f411/files/0aa993e6b1e307fd86e6ad224c3b00d1a27a0ed3858939c2c9ff5a55bd462f51 [none]
[debug] [2025-08-15T18:32:21.184Z] >>> [apiv2][body] POST https://upload-firebasehosting.googleapis.com/upload/sites/sohagphysics2/versions/1448303d7732f411/files/0aa993e6b1e307fd86e6ad224c3b00d1a27a0ed3858939c2c9ff5a55bd462f51 [stream]
[debug] [2025-08-15T18:32:21.191Z] >>> [apiv2][query] POST https://upload-firebasehosting.googleapis.com/upload/sites/sohagphysics2/versions/1448303d7732f411/files/7f27aeffe393e397ac575e5425a9335e0b4a4e913033acf002c5131afbe209e6 [none]
[debug] [2025-08-15T18:32:21.191Z] >>> [apiv2][body] POST https://upload-firebasehosting.googleapis.com/upload/sites/sohagphysics2/versions/1448303d7732f411/files/7f27aeffe393e397ac575e5425a9335e0b4a4e913033acf002c5131afbe209e6 [stream]
[debug] [2025-08-15T18:32:21.198Z] >>> [apiv2][query] POST https://upload-firebasehosting.googleapis.com/upload/sites/sohagphysics2/versions/1448303d7732f411/files/d98637a50c2db53f05778d760f42d996d3545f40cf385b4e2ba278d63129fd0e [none]
[debug] [2025-08-15T18:32:21.198Z] >>> [apiv2][body] POST https://upload-firebasehosting.googleapis.com/upload/sites/sohagphysics2/versions/1448303d7732f411/files/d98637a50c2db53f05778d760f42d996d3545f40cf385b4e2ba278d63129fd0e [stream]
[debug] [2025-08-15T18:32:21.203Z] >>> [apiv2][query] POST https://upload-firebasehosting.googleapis.com/upload/sites/sohagphysics2/versions/1448303d7732f411/files/8f55daf42ff9ec26199ec6029231f569a60adeb729cc7c1356b3ab6d1da09a37 [none]
[debug] [2025-08-15T18:32:21.204Z] >>> [apiv2][body] POST https://upload-firebasehosting.googleapis.com/upload/sites/sohagphysics2/versions/1448303d7732f411/files/8f55daf42ff9ec26199ec6029231f569a60adeb729cc7c1356b3ab6d1da09a37 [stream]
[debug] [2025-08-15T18:32:21.209Z] >>> [apiv2][query] POST https://upload-firebasehosting.googleapis.com/upload/sites/sohagphysics2/versions/1448303d7732f411/files/08b5743cdc45d65bc5e466ad99b7652dfbfb31e3a9810801eddfc00a5712f9e3 [none]
[debug] [2025-08-15T18:32:21.210Z] >>> [apiv2][body] POST https://upload-firebasehosting.googleapis.com/upload/sites/sohagphysics2/versions/1448303d7732f411/files/08b5743cdc45d65bc5e466ad99b7652dfbfb31e3a9810801eddfc00a5712f9e3 [stream]
[debug] [2025-08-15T18:32:21.216Z] [hosting][populate queue][FINAL] {"max":1471,"min":1471,"avg":1471,"active":0,"complete":1,"success":1,"errored":0,"retried":0,"total":1,"elapsed":1504}
[debug] [2025-08-15T18:32:21.216Z] [hosting] uploads queued: 5
[debug] [2025-08-15T18:32:22.992Z] <<< [apiv2][status] POST https://upload-firebasehosting.googleapis.com/upload/sites/sohagphysics2/versions/1448303d7732f411/files/d98637a50c2db53f05778d760f42d996d3545f40cf385b4e2ba278d63129fd0e 200
[debug] [2025-08-15T18:32:22.992Z] <<< [apiv2][body] POST https://upload-firebasehosting.googleapis.com/upload/sites/sohagphysics2/versions/1448303d7732f411/files/d98637a50c2db53f05778d760f42d996d3545f40cf385b4e2ba278d63129fd0e [stream]
[debug] [2025-08-15T18:32:23.070Z] <<< [apiv2][status] POST https://upload-firebasehosting.googleapis.com/upload/sites/sohagphysics2/versions/1448303d7732f411/files/0aa993e6b1e307fd86e6ad224c3b00d1a27a0ed3858939c2c9ff5a55bd462f51 200
[debug] [2025-08-15T18:32:23.071Z] <<< [apiv2][body] POST https://upload-firebasehosting.googleapis.com/upload/sites/sohagphysics2/versions/1448303d7732f411/files/0aa993e6b1e307fd86e6ad224c3b00d1a27a0ed3858939c2c9ff5a55bd462f51 [stream]
[debug] [2025-08-15T18:32:25.021Z] <<< [apiv2][status] POST https://upload-firebasehosting.googleapis.com/upload/sites/sohagphysics2/versions/1448303d7732f411/files/08b5743cdc45d65bc5e466ad99b7652dfbfb31e3a9810801eddfc00a5712f9e3 200
[debug] [2025-08-15T18:32:25.021Z] <<< [apiv2][body] POST https://upload-firebasehosting.googleapis.com/upload/sites/sohagphysics2/versions/1448303d7732f411/files/08b5743cdc45d65bc5e466ad99b7652dfbfb31e3a9810801eddfc00a5712f9e3 [stream]
[debug] [2025-08-15T18:32:25.090Z] <<< [apiv2][status] POST https://upload-firebasehosting.googleapis.com/upload/sites/sohagphysics2/versions/1448303d7732f411/files/8f55daf42ff9ec26199ec6029231f569a60adeb729cc7c1356b3ab6d1da09a37 200
[debug] [2025-08-15T18:32:25.091Z] <<< [apiv2][body] POST https://upload-firebasehosting.googleapis.com/upload/sites/sohagphysics2/versions/1448303d7732f411/files/8f55daf42ff9ec26199ec6029231f569a60adeb729cc7c1356b3ab6d1da09a37 [stream]
[debug] [2025-08-15T18:33:08.856Z] *** [apiv2] error from fetch(https://upload-firebasehosting.googleapis.com/upload/sites/sohagphysics2/versions/1448303d7732f411/files/7f27aeffe393e397ac575e5425a9335e0b4a4e913033acf002c5131afbe209e6, {"headers":{},"method":"POST","signal":{},"body":{"_writeState":{"0":8252,"1":0},"_events":{},"_readableState":{"highWaterMark":16384,"buffer":[],"bufferIndex":0,"length":0,"pipes":[],"awaitDrainWriters":null},"_writableState":{"highWaterMark":16384,"length":0,"corked":0,"writelen":0,"bufferedIndex":0,"pendingcb":0},"allowHalfOpen":true,"_eventsCount":2,"bytesWritten":2382515,"_handle":null,"_outBuffer":{"type":"Buffer","data":[38,236,150,50,4,145,30,13,83,15,227,56,109,194,56,14,6,67,108,38,1,128,151,48,190,57,120,141,84,234,16,20,134,25,162,217,87,120,190,3,33,31,202,162,209,57,172,80,232,74,52,102,133,237,43,86,85,121,182,63,79,199,95,228,174,65,226,244,112,31,255,121,40,227,47,242,5,207,218,43,190,31,19,90,146,103,135,240,110,14,243,75,238,125,121,198,51,187,188,30,106,28,32,242,84,6,10,143,34,23,35,138,87,1,119,218,74,97,215,61,202,175,178,255,228,55,197,95,182,219,103,156,89,31,38,193,109,244,190,240,155,162,125,198,241,179,149,73,51,94,190,185,202,212,68,56,186,185,248,156,207,11,109,74,89,149,9,43,194,184,7,129,167,149,105,58,47,185,104,171,190,32,80,154,156,234,193,106,158,243,98,44,210,5,124,213,103,128,186,31,245,120,182,188,224,34,249,60,231,21,197,192,128,222,142,80,26,101,36,147,101,208,214,207,124,70,70,157,163,133,224,201,4,159,220,128,119,113,224,149,229,128,48,239,194,43,12,185,198,73,179,145,27,78,184,56,221,64,221,227,142,147,22,223,86,67,46,254,109,123,199,140,47,61,18,6,248,131,233,68,57,30,232,167,7,17,117,134,27,32,227,109,126,198,41,154,22,0,249,1,13,245,158,97,41,118,100,6,167,154,148,195,200,179,251,202,66,207,162,56,212,223,134,206,134,218,82,93,190,239,253,209,203,1,103,7,249,126,206,184,5,227,21,162,145,255,67,242,189,148,149,90,16,100,4,77,221,55,9,228,77,171,82,144,76,22,223,252,104,115,96,109,148,94,101,211,220,210,53,207,57,184,164,0,50,126,154,205,8,105,80,133,145,73,193,84,72,252,65,126,245,232,48,89,180,79,78,90,45,214,7,126,109,79,175,117,223,186,233,97,167,213,16,210,228,222,38,41,19,92,154,70,74,133,73,177,68,207,147,50,105,203,160,203,166,69,197,137,91,211,21,25,140,198,58,205,189,29,117,38,84,212,25,140,184,166,149,44,36,58,217,80,110,209,225,19,111,226,177,119,163,209,82,92,118,83,196,67,106,96,90,63,124,243,209,46,168,163,111,239,45,168,105,230,27,136,38,117,5,240,119,27,255,62,198,191,63,224,223,39,167,247,209,209,55,51,248,5,171,94,69,59,143,225,148,202,236,78,156,217,0,20,191,132,3,232,41,152,42,39,0,211,240,108,46,118,114,1,112,58,231,234,231,32,206,197,214,28,169,168,40,97,14,224,239,200,60,37,249,108,180,167,177,166,174,85,206,200,75,155,122,234,28,234,112,168,167,38,62,245,212,212,163,158,58,7,234,169,75,151,122,106,89,243,111,78,4,67,210,42,235,8,229,188,165,215,111,142,14,206,222,238,30,255,162,198,211,10,141,83,167,142,168,145,157,190,160,153,142,51,95,58,112,91,49,20,202,130,224,27,0,8,50,125,194,199,57,233,222,60,195,131,8,226,119,222,106,209,96,118,81,68,234,161,221,218,36,188,250,18,250,138,161,167,181,111,41,19,1,124,85,84,58,244,193,215,115,49,128,183,43,20,239,218,174,96,208,83,164,90,75,108,76,106,103,136,115,128,202,205,61,94,49,9,189,223,0,113,63,22,30,73,125,16,224,222,202,101,188,226,235,143,72,228,136,125,251,243,212,93,234,10,177,245,179,29,105,172,73,208,224,206,19,233,199,93,171,209,97,22,16,98,107,187,239,117,21,190,9,157,210,174,135,84,218,93,6,113,248,218,22,225,187,214,137,166,134,176,212,183,17,150,250,65,132,165,254,105,220,119,92,217,235,11,4,108,15,238,238,250,213,52,205,38,71,124,6,229,142,243,23,105,185,127,158,8,27,159,151,89,238,54,96,194,86,152,41,196,94,17,216,251,162,87,172,226,183,1,140,81,184,2,80,244,116,122,67,180,57,25,124,249,99,192,114,205,32,40,31,40,13,33,62,239,25,82,20,238,138,174,158,219,254,152,204,133,129,207,246,22,76,120,1,83,243,85,28,252,125,153,78,82,64,61,165,160,239,55,52,189,119,81,98,245,145,227,239,222,172,221,177,202,125,14,42,243,126,60,197,233,63,17,21,65,228,125,247,221,68,236,160,62,49,41,147,108,187,13,244,140,155,83,0,156,70,158,201,41,96,100,199,125,178,4,208,176,45,148,142,59,47,52,145,233,118,247,82,68,157,2,1,239,244,205,77,74,27,158,139,222,162,63,170,109,20,189,223,183,21,3,86,194,91,140,188,135,102,187,72,36,1,93,233,34,18,25,84,51,88,167,154,137,174,102,162,171,153,168,106,212,30,9,222,208,88,176,91,178,200,131,8,40,104,254,0,124,154,150,12,151,162,242,128,151,53,241,163,179,37,113,41,96,132,177,121,209,254,192,160,205,162,35,190,3,52,139,102,2,27,206,56,136,171,156,57,46,167,5,22,195,0,185,84,84,158,112,38,252,101,103,147,85,195,109,145,16,208,4,145,171,33,146,165,55,150,252,13,250,102,29,147,158,214,68,188,143,146,76,165,34,84,180,94,137,209,179,171,58,234,122,178,178,146,176,255,208,138,133,101,21,23,71,29,232,145,132,199,102,65,223,161,21,75,91,171,188,150,19,17,158,55,234,64,251,198,234,66,134,75,244,158,107,237,236,10,23,212,61,138,243,90,204,173,41,186,49,50,196,89,129,91,203,12,220,91,80,164,184,64,246,82,136,140,1,44,0,49,199,148,70,101,216,180,153,30,11,173,237,157,18,96,230,211,165,24,78,225,44,54,150,113,49,26,178,246,100,74,0,211,59,116,25,43,122,156,9,146,241,8,62,89,142,121,187,125,37,216,129,96,251,176,186,238,227,226,180,211,143,175,68,247,64,220,221,73,202,155,81,80,175,112,105,57,248,156,139,238,4,228,211,208,59,77,156,139,218,113,34,176,91,240,14,19,20,35,4,34,74,155,16,244,217,163,29,129,116,170,57,253,36,162,124,83,247,33,234,71,157,133,0,134,218,254,144,214,221,214,69,58,153,204,193,156,77,63,65,181,201,5,82,159,205,196,104,243,18,209,184,100,86,224,112,81,249,4,133,21,234,108,17,155,137,238,232,2,214,37,179,69,193,113,84,91,20,41,145,246,141,68,186,182,36,210,153,82,124,52,45,121,5,236,48,129,49,39,131,254,195,170,71,181,15,103,98,180,47,216,70,123,227,26,228,241,221,29,254,59,208,110,246,106,12,105,34,220,226,134,72,136,147,3,113,202,22,253,24,203,192,194,129,133,156,238,192,193,179,114,15,71,182,14,205,61,252,109,112,165,146,148,175,170,196,249,235,211,232,114,154,170,2,183,23,28,36,232,6,80,171,21,7,153,198,247,182,104,198,17,178,25,181,139,232,58,24,247,73,195,136,46,124,113,159,220,139,123,25,137,60,50,94,99,8,239,28,113,54,228,97,170,176,237,29,161,131,145,126,152,195,54,18,121,55,157,51,212,9,44,215,226,165,60,127,189,186,200,47,111,222,191,250,219,89,168,224,47,171,11,126,60,120,127,28,44,247,113,117,57,125,102,211,5,246,87,23,56,58,124,243,230,248,151,51,93,206,110,235,104,117,81,117,140,211,249,223,173,213,148,42,102,183,116,188,186,36,156,240,230,86,118,100,73,110,26,1,115,30,170,179,238,234,98,149,156,21,27,163,81,176,236,142,212,146,181,233,160,158,235,131,250,92,48,148,44,241,237,53,48,63,223,0,127,27,51,95,66,172,221,48,164,104,162,237,41,237,77,129,168,199,169,54,216,180,106,233,228,212,174,183,95,217,74,58,154,173,214,158,197,210,78,251,79,125,136,193,43,88,233,80,53,47,217,128,104,6,175,87,205,107,171,26,99,122,176,106,99,245,79,165,162,153,190,94,3,191,124,107,3,31,215,108,224,227,183,54,176,239,208,130,35,245,183,16,108,156,103,165,200,231,154,10,220,161,6,79,3,237,239,19,77,172,110,178,119,13,75,197,13,211,252,217,154,179,229,134,94,205,209,195,180,123,100,147,170,172,215,60,11,136,148,138,62,113,171,75,78,79,132,215,147,208,27,120,119,223,8,208,115,31,255,161,70,142,215,124,92,231,33,165,80,210,44,240,212,182,0,238,54,96,119,23,54,187,123,230,179,187,167,138,221,61,65,118,247,2,217,221,243,32,187,59,23,53,26,208,156,112,242,114,177,57,218,54,4,235,120,23,217,91,159,210,221,174,125,247,36,129,167,72,136,61,8,14,194,116,254,77,97,26,159,86,150,248,9,49,217,208,34,10,202,217,66,254,155,195,110,72,46,151,98,133,238,209,243,68,129,192,23,167,29,50,2,102,164,84,108,92,154,96,253,87,221,112,160,207,222,100,251,203,207,233,120,15,245,140,109,208,88,120,149,194,223,109,252,251,24,255,254,128,127,159,156,226,226,223,235,15,134,57,130,198,192,96,245,250,131,168,88,89,127,46,190,166,129,212,62,247,155,231,54,239,161,128,171,2,231,85,2,59,17,19,60,212,184,112,174,24,136,119,74,39,186,222,96,172,61,0,126,189,247,13,194,195,62,56,106,106,225,137,85,160,4,13,241,46,94,60,57,197,0,108,72,233,162,34,100,164,116,16,131,159,81,77,65,186,140,207,5,184,242,140,69,244,116,9,122,26,149,205,164,71,129,225,68,16,207,50,29,39,243,93,49,110,55,189,240,57,106,83,118,197,211,62,98,17,33,100,239,230,18,252,77,158,141,225,47,242,157,21,223,88,121,142,149,127,253,104,162,145,86,119,167,139,221,121,138,221,233,254,79,116,71,123,84,125,91,179,227,175,110,54,21,149,218,248,244,43,211,28,20,243,244,128,218,165,175,166,146,124,98,171,36,159,4,85,146,79,78,37,103,84,173,240,143,118,225,31,131,133,127,60,133,21,34,23,35,130,241,140,182,64,115,88,138,238,219,163,131,15,207,223,156,253,237,224,253,27,131,242,140,240,174,92,116,184,216,106,15,186,57,96,8,71,16,46,240,20,96,255,218,115,209,25,109,14,52,187,71,142,112,195,99,67,50,142,235,66,41,162,177,24,221,94,195,130,115,19,23,0,107,92,105,151,230,118,33,251,144,212,250,128,209,139,186,104,119,238,149,190,149,186,75,84,85,246,109,37,164,245,146,236,1,135,14,77,196,83,187,9,159,228,237,92,140,168,35,81,135,6,37,234,202,14,118,228,96,13,207,197,214,104,34,58,19,34,16,22,221,115,161,178,66,63,4,37,200,188,146,200,55,56,121,96,17,68,131,79,196,22,181,177,222,188,20,157,75,228,232,178,238,44,68,103,97,191,5,230,189,5,102,191,129,219,235,120,41,199,108,138,99,86,105,62,68,107,94,190,109,192,83,118,180,21,2,134,55,179,153,227,159,110,62,225,155,79,0,167,30,47,158,149,194,31,73,203,214,216,236,226,119,139,128,229,196,87,105,14,15,79,169,110,33,186,78,114,23,146,159,2,22,204,173,16,221,145,115,111,8,219,174,52,91,242,74,58,129,112,196,167,181,55,10,73,211,185,90,237,22,178,154,140,192,143,22,182,71,96,120,72,68,73,159,59,93,222,192,37,29,125,200,147,72,253,24,156,134,243,223,103,14,132,245,197,212,66,203,140,249,77,171,141,125,191,187,43,224,93,144,152,45,128,255,218,26,143,14,90,242,158,226,118,237,41,208,73,238,138,103,114,243,54,22,17,117,36,187,71,38,174,124,62,249,99,219,254,65,98,218,252,254,241,180,209,8,104,29,223,253,174,179,92,0,101,6,60,216,192,1,137,14,239,137,190,225,221,52,244,221,25,124,123,228,239,83,40,124,195,67,4,246,53,15,246,32,106,208,137,164,80,239,222,101,170,13,201,28,218,19,203,189,183,204,102,100,79,91,136,77,14,82,144,254,237,74,145,167,68,31,69,128,89,66,195,241,68,176,84,111,163,17,218,165,252,100,215,207,65,235,117,233,96,53,122,86,218,131,251,172,191,195,1,198,218,74,2,215,237,190,10,59,50,201,85,120,218,172,97,143,203,69,103,127,111,0,146,177,155,192,229,54,94,102,112,249,24,47,75,184,252,1,149,200,99,248,4,117,246,194,100,79,77,118,161,179,203,45,201,237,53,152,122,110,192,212,91,53,207,139,80,79,35,227,90,220,121,39,27,205,224,114,91,117,236,29,53,74,28,17,58,79,106,242,8,157,199,244,38,135,222,204,157,222,184,242,160,214,23,237,113,167,13,109,137,69,25,81,164,25,254,158,227,82,36,68,71,231,2,107,17,168,60,58,58,31,4,131,152,158,112,116,127,239,93,119,10,96,60,232,221,192,90,199,192,101,69,38,231,176,172,245,110,58,64,71,90,125,94,166,243,137,101,116,68,11,67,3,18,128,179,168,73,251,88,111,251,9,89,245,97,193,217,26,244,113,235,78,86,43,238,213,42,141,105,126,114,175,40,249,98,99,52,74,69,83,134,133,224,227,180,72,243,108,99,52,202,148,39,131,159,107,116,11,245,192,225,92,103,183,28,110,78,78,43,107,249,28,161,46,185,63,44,196,83,116,195,17,221,81,102,230,133,39,107,112,137,47,132,131,217,234,222,2,224,118,48,43,221,221,109,0,211,76,59,9,239,119,181,145,159,105,163,62,108,179,159,141,82,161,190,232,250,163,99,247,165,18,17,38,89,239,26,193,171,193,172,155,18,141,38,0,98,65,61,155,35,8,79,174,112,2,54,88,145,93,164,80,140,159,10,190,126,141,119,254,180,143,123,148,208,4,120,6,219,137,218,254,79,69,124,11,112,86,109,115,177,21,42,218,89,253,176,58,46,203,37,33,109,200,14,236,188,119,119,4,145,143,134,173,164,76,62,136,244,61,159,241,235,17,50,14,65,74,220,110,159,252,190,197,134,167,221,79,91,242,34,106,239,196,195,246,201,239,108,56,58,237,142,228,191,81,180,19,237,224,141,207,73,193,127,252,33,138,118,88,187,215,137,254,178,149,14,201,21,239,213,69,50,227,95,131,8,184,150,47,94,10,181,74,71,188,121,158,76,48,40,123,13,111,56,29,185,39,41,117,165,206,39,19,61,232,215,95,211,242,188,221,234,1,177,102,116,119,103,6,3,91,251,180,85,92,206,62,117,175,47,230,91,105,175,228,5,25,176,185,232,225,93,39,218,59,149,62,217,208,179,163,203,25,100,140,117,2,14,8,6,205,201,88,140,163,203,217,8,142,113,230,166,183,65,86,175,245,44,41,110,178,241,113,254,146,103,92,36,48,86,202,149,178,211,142,110,75,113,163,4,208,77,202,231,19,80,238,121,80,203,186,118,80,50,98,183,71,66,84,227,68,59,213,229,89,145,207,121,143,11,145,139,246,247,7,240,207,163,171,243,116,206,31,65,231,210,108,246,8,75,61,106,125,111,145,54,125,223,138,191,71,151,233,10,76,177,242,101,244,171,168,29,85,106,0,190,233,129,228,195,216,19,180,199,175,249,216,192,164,88,81,139,39,79,78,135,2,148,35,96,123,164,185,216,218,209,79,153,148,249,103,122,11,42,5,156,179,38,252,195,251,87,64,63,154,103,224,187,157,169,16,65,53,146,105,104,36,167,28,70,139,136,80,229,237,84,160,177,182,109,13,107,162,134,181,248,131,195,90,132,134,53,224,173,230,251,227,99,133,112,236,166,146,142,75,217,122,36,86,201,186,36,86,197,186,220,146,249,186,220,146,184,38,182,55,50,88,33,4,252,41,224,15,28,65,37,124,89,200,77,141,246,8,214,71,21,89,4,232,224,201,62,3,187,243,23,41,1,184,180,178,227,56,177,219,116,150,229,130,163,95,124,188,209,103,244,115,87,197,41,155,164,231,233,5,207,10,12,45,211,105,251,64,233,7,63,201,128,253,107,172,174,126,3,27,44,56,51,18,163,97,33,232,151,100,45,204,69,133,24,229,122,102,169,11,163,18,55,161,1,115,29,26,64,115,212,97,159,195,103,128,185,247,231,145,53,22,194,101,103,212,240,124,231,234,97,60,78,70,13,219,167,34,196,104,30,194,194,77,174,22,187,128,113,121,177,0,92,116,8,50,131,35,163,78,32,136,188,137,72,174,72,98,237,146,163,96,229,120,221,249,176,176,171,96,32,66,212,152,235,78,111,177,238,244,206,214,158,222,13,180,87,180,210,113,164,183,41,137,222,70,33,206,96,236,195,195,178,71,99,149,22,40,186,9,185,59,250,248,18,60,77,94,195,27,19,222,218,44,119,147,106,174,142,212,119,164,23,97,38,121,151,237,5,17,215,129,192,38,249,171,22,54,35,222,140,227,3,201,223,76,125,223,11,58,40,99,107,196,129,40,9,33,229,8,21,123,55,199,201,12,128,61,52,165,180,21,130,5,212,211,202,51,165,144,142,232,143,40,168,153,150,79,131,196,137,248,37,86,156,41,184,99,142,224,131,254,58,169,15,125,176,132,126,105,11,125,225,11,125,13,62,116,51,231,15,138,62,4,124,154,106,235,4,95,32,4,30,131,255,20,7,20,78,61,58,165,140,98,194,200,54,242,118,3,172,225,132,214,62,68,228,132,96,45,138,29,110,89,36,150,237,79,91,159,58,237,147,223,59,167,119,39,159,196,167,236,244,174,253,169,211,133,132,45,149,18,69,81,231,83,167,251,105,43,186,107,255,126,242,169,56,237,124,218,250,180,213,235,68,91,179,11,230,84,246,31,233,197,2,120,81,59,195,173,25,220,161,200,118,237,186,87,181,162,26,24,178,137,210,45,69,122,209,142,108,151,78,114,138,145,133,111,201,55,46,7,221,188,74,99,45,169,229,60,25,156,90,0,52,32,183,85,35,99,213,200,18,93,196,76,35,75,217,8,177,31,72,146,136,37,236,190,111,17,128,97,215,3,10,150,14,92,151,162,7,80,32,215,111,166,237,86,220,138,136,74,185,87,44,63,23,37,24,186,22,34,146,109,128,151,150,185,179,16,221,1,0,7,203,211,128,201,54,188,16,223,125,55,131,35,211,84,156,92,136,211,26,172,194,5,248,75,161,167,180,211,205,209,84,152,132,163,5,31,167,211,20,80,157,240,30,200,56,14,212,22,185,176,110,161,203,255,18,221,191,254,195,4,217,210,40,76,144,85,216,137,143,62,13,179,158,182,238,190,167,151,203,144,212,186,87,136,113,8,7,136,181,64,55,238,14,97,58,109,91,195,247,61,196,223,39,101,187,133,27,250,239,35,21,180,183,16,35,148,20,7,215,128,4,155,204,63,136,121,27,148,223,11,160,215,35,208,93,35,255,208,43,2,37,202,4,142,202,17,68,11,224,255,81,85,217,223,98,207,175,178,214,134,60,16,125,40,248,131,10,242,37,176,229,185,84,209,183,33,254,232,225,74,10,211,102,206,210,97,41,124,240,90,139,134,186,70,20,218,247,40,82,188,2,136,15,227,225,194,185,65,67,156,6,193,132,12,129,201,161,52,172,72,235,236,126,85,29,66,35,164,123,199,5,233,152,172,81,210,105,49,36,208,113,159,22,67,226,46,35,207,212,125,204,23,194,162,187,16,98,21,217,133,193,105,112,235,13,236,200,234,109,4,105,138,107,237,221,187,185,243,219,110,32,122,16,54,187,67,173,21,151,219,193,169,90,135,189,10,115,141,248,64,40,83,122,18,148,46,208,154,68,171,99,218,93,108,9,147,71,193,202,69,84,187,126,121,240,117,223,218,158,228,13,116,186,1,236,59,151,63,119,152,214,240,26,238,163,244,48,224,216,169,11,191,225,49,48,215,42,11,114,119,88,152,217,137,87,157,178,52,101,42,102,120,152,185,209,195,153,195,52,97,110,22,162,106,96,80,168,127,106,218,45,104,5,130,113,37,75,105,132,147,0,106,81,83,197,186,12,238,41,212,23,70,27,67,232,228,35,89,208,211,231,143,65,127,165,164,163,194,11,115,18,215,141,128,140,88,189,172,21,200,156,94,188,228,37,5,49,187,166,115,29,96,122,130,116,150,157,31,186,28,254,164,226,212,46,124,20,42,140,154,235,64,65,208,17,232,178,23,186,156,222,32,159,97,144,143,9,126,232,216,209,199,99,187,29,221,61,46,186,90,235,125,198,1,218,173,171,117,222,240,27,148,61,4,170,65,176,67,135,73,41,210,235,135,68,214,176,235,213,155,74,11,191,166,25,17,208,153,237,202,136,218,136,208,101,135,62,92,80,107,145,132,108,41,146,18,32,175,184,196,68,81,224,11,96,127,60,233,109,15,30,119,123,63,253,252,83,39,21,172,247,211,224,201,38,252,193,31,253,159,182,55,225,15,252,128,240,68,200,186,9,127,84,214,110,111,251,231,53,179,58,181,118,123,255,190,253,179,202,74,255,13,236,235,83,27,252,229,124,201,209,111,78,245,62,145,189,239,216,206,62,240,36,96,47,197,134,25,60,14,195,230,35,70,169,63,13,158,176,77,243,87,37,247,127,218,102,216,111,6,61,138,176,117,83,205,38,85,54,248,193,169,6,158,25,18,235,117,108,246,182,127,126,28,174,100,19,186,84,239,140,223,23,232,5,94,69,107,13,205,124,121,145,102,160,192,63,206,119,231,139,243,164,5,22,244,147,62,91,245,95,111,123,176,77,13,255,128,45,13,156,187,186,126,137,149,6,211,72,67,148,166,217,120,190,156,168,53,39,180,55,114,115,56,96,186,21,161,7,248,82,68,90,84,110,221,146,224,166,66,141,27,174,142,28,207,12,51,94,162,2,4,99,11,160,199,50,246,105,14,198,152,185,120,154,138,225,220,166,134,195,120,157,93,8,209,27,238,106,164,129,177,24,145,88,203,5,90,60,33,234,118,174,100,83,31,247,235,205,247,7,232,100,210,124,127,27,131,241,154,239,63,198,77,252,5,120,53,244,217,88,68,93,188,28,176,165,186,220,6,135,20,186,124,12,1,108,116,249,3,52,124,41,11,62,49,5,127,52,5,127,50,5,127,54,5,255,29,10,46,100,193,129,221,164,213,230,192,106,116,96,181,58,192,102,47,84,105,171,221,129,213,240,192,106,121,96,53,61,128,182,135,232,94,114,14,22,179,75,248,179,128,63,23,162,51,154,136,173,237,39,79,34,70,139,68,240,85,48,224,169,104,190,63,192,0,234,230,251,219,112,58,89,113,255,49,187,16,168,66,27,131,190,18,88,92,236,41,5,180,163,75,107,182,229,82,229,166,249,248,138,47,15,198,198,87,124,105,217,31,136,183,125,112,34,10,215,82,229,165,235,170,242,146,117,85,121,197,87,105,170,225,157,111,88,42,5,159,149,42,76,71,53,129,3,107,94,163,163,154,52,209,81,101,14,232,34,88,54,107,72,140,96,231,28,24,48,70,157,40,73,91,10,63,93,2,111,87,74,79,110,144,60,241,169,1,205,131,89,111,190,71,250,110,186,135,122,17,33,124,18,207,110,130,4,221,5,249,41,236,134,232,90,52,84,114,129,123,179,100,57,47,139,246,88,109,36,188,211,29,164,195,120,134,118,44,16,151,112,171,112,146,226,1,179,144,151,78,78,153,217,107,199,39,152,11,244,126,49,237,31,8,86,51,174,175,41,21,179,178,122,2,94,21,42,197,146,183,170,211,42,146,24,49,20,198,206,236,103,87,97,206,43,199,103,42,70,203,181,199,7,220,246,74,189,195,159,98,241,222,108,158,127,78,230,104,193,42,82,56,31,113,137,24,11,24,100,101,154,17,240,103,154,181,32,179,33,199,25,251,92,56,187,46,23,142,202,109,201,8,171,219,118,212,63,168,103,220,170,150,94,85,124,85,85,242,133,163,70,223,204,184,185,62,227,75,173,116,211,20,28,157,144,48,113,8,152,90,227,121,186,216,4,101,65,139,2,237,178,60,95,140,218,16,100,88,73,13,204,254,60,93,132,208,97,190,81,160,141,101,117,70,168,213,20,18,6,188,85,49,194,18,200,99,153,67,21,111,16,205,140,221,106,32,7,140,91,81,112,3,232,207,8,56,154,132,121,100,224,30,70,240,100,112,156,214,89,49,37,98,170,13,234,78,134,62,236,39,167,234,232,227,203,161,68,42,206,54,148,101,70,122,150,129,85,38,210,62,55,230,158,127,252,195,104,217,64,122,91,18,222,128,237,14,244,233,225,179,31,146,173,70,32,155,190,251,174,16,61,61,130,44,177,120,176,213,163,155,7,77,133,46,178,204,116,161,170,242,31,62,213,15,143,11,95,186,104,155,218,172,129,20,204,175,61,100,23,121,129,80,83,15,52,107,8,183,106,245,66,104,168,254,28,243,109,19,111,136,229,227,45,29,118,44,56,144,133,82,49,95,136,209,66,244,248,117,41,18,122,160,231,210,49,230,238,174,63,76,172,0,101,216,150,10,179,106,64,18,2,29,68,149,102,144,181,150,147,84,47,51,115,63,93,241,119,161,34,189,187,221,33,240,137,57,92,22,130,108,189,187,226,233,224,238,110,44,158,14,228,148,91,250,149,92,163,192,116,211,110,12,20,132,191,108,57,239,202,91,184,206,235,130,25,241,112,112,203,121,190,182,72,190,196,2,54,22,205,18,133,219,230,84,74,55,45,174,47,133,131,204,130,175,66,126,80,11,57,231,1,214,91,30,238,91,223,125,167,82,219,151,180,182,80,247,72,67,111,204,162,231,214,77,182,4,124,59,54,5,24,87,153,189,65,188,78,144,12,212,153,222,205,131,53,58,81,19,181,89,200,42,149,194,115,145,47,142,206,147,73,126,245,160,26,5,83,109,75,51,38,82,231,0,183,10,175,108,13,79,195,209,75,127,195,252,48,23,139,243,124,158,207,110,30,234,75,182,170,108,221,219,188,94,173,31,172,117,93,227,253,141,191,76,150,69,145,38,217,222,124,41,30,244,37,217,21,203,215,244,121,190,20,64,169,178,44,236,175,54,200,171,59,121,206,47,83,11,41,73,147,19,80,77,1,89,53,242,154,104,120,114,71,158,38,130,153,2,206,81,59,1,217,5,240,138,59,250,202,184,101,124,206,39,55,184,146,129,96,211,160,136,96,1,76,39,18,251,247,67,150,254,125,201,95,77,48,204,30,227,35,36,102,226,36,45,22,243,228,102,68,68,193,200,70,188,88,240,108,130,219,91,4,196,97,11,145,143,121,81,144,28,122,255,114,111,183,61,119,213,135,133,160,90,145,73,24,132,156,46,172,145,89,211,114,254,80,211,169,132,186,90,134,44,184,24,63,24,89,112,49,110,145,203,161,220,41,20,163,219,226,114,22,27,83,11,19,124,92,198,22,191,40,27,167,98,60,231,241,62,254,163,18,57,184,9,23,60,62,160,127,85,50,0,58,197,224,62,170,18,22,249,252,6,19,223,202,11,251,198,44,207,48,125,150,103,58,25,54,91,214,190,16,18,96,79,27,203,189,173,74,38,222,236,216,161,168,103,192,133,28,91,220,202,204,229,36,140,131,12,136,204,101,38,139,131,60,104,12,248,121,98,139,115,136,73,136,241,216,133,41,103,54,160,124,28,64,173,103,62,52,121,220,128,131,206,192,72,27,91,80,223,204,198,193,246,0,153,153,15,88,29,192,40,102,120,43,118,146,16,103,195,194,99,100,101,177,72,178,248,248,104,145,232,145,6,148,224,216,194,29,102,73,188,107,151,199,237,177,135,245,40,61,223,108,183,83,54,139,245,20,35,75,95,236,56,212,48,252,88,99,219,154,203,192,17,204,88,106,25,156,51,98,235,28,194,212,166,63,246,14,19,140,150,203,216,89,82,153,189,138,197,129,149,146,217,107,72,28,88,163,152,37,230,227,250,34,194,28,197,123,28,58,44,51,87,72,199,193,197,128,225,231,31,219,2,5,252,186,198,177,37,8,170,97,13,247,117,240,127,22,247,117,240,79,193,125,29,252,47,195,125,29,252,243,113,95,141,101,204,222,214,187,211,210,243,134,86,71,208,22,173,232,45,27,21,129,76,189,103,28,166,133,180,212,226,222,194,111,135,54,226,48,7,84,87,172,116,53,151,96,151,97,22,69,107,42,217,117,4,107,24,173,242,140,131,86,155,80,6,7,118,84,238,32,24,149,59,56,141,129,199,172,121,88,210,139,89,203,226,188,2,215,77,56,53,229,69,241,70,164,192,100,214,218,205,242,236,6,128,190,91,164,164,123,43,242,139,180,224,109,9,24,2,167,28,209,203,51,240,158,33,13,140,128,151,23,85,12,147,209,49,110,212,246,34,162,70,207,110,51,129,187,27,200,85,136,241,232,140,3,212,18,91,99,100,229,166,69,62,79,205,115,17,49,43,242,188,60,184,0,16,173,184,20,163,193,54,227,244,67,224,15,123,242,128,121,233,185,59,52,116,131,89,29,137,211,90,38,76,103,137,26,154,125,51,96,0,134,243,173,175,234,182,146,106,100,112,116,212,94,151,150,11,162,102,206,32,231,10,239,167,229,164,165,239,80,220,130,134,26,70,167,77,253,139,134,229,168,76,198,95,116,218,82,110,115,21,188,49,157,137,71,154,251,78,30,56,245,8,3,246,189,85,25,248,108,210,51,88,131,105,40,1,173,89,79,155,251,52,155,236,91,31,136,237,223,45,79,227,87,73,90,42,126,11,204,84,160,207,214,4,203,146,235,105,115,1,216,199,4,242,87,126,187,82,53,163,100,131,164,203,16,16,102,144,231,115,158,100,173,29,61,223,57,64,119,41,74,141,204,201,147,137,184,20,17,224,183,131,159,3,29,50,60,55,7,213,73,188,135,217,40,216,32,152,11,111,97,166,113,121,29,206,50,46,175,201,169,226,130,64,227,200,231,195,188,88,13,38,111,62,242,19,174,61,8,7,167,224,85,166,10,107,151,17,171,184,229,161,69,206,190,160,130,91,228,139,131,123,219,3,107,83,190,32,232,84,115,120,146,207,128,242,120,166,185,130,186,93,103,242,69,149,251,174,189,71,151,193,56,68,165,192,5,188,18,233,71,11,5,173,119,238,149,35,151,229,96,49,154,153,207,93,239,252,90,16,187,43,60,185,240,221,249,237,213,5,62,17,197,198,182,82,153,193,28,103,107,237,235,130,43,145,223,160,77,135,161,108,24,198,169,242,247,147,223,227,211,110,188,133,126,149,194,18,90,74,109,123,179,224,197,73,105,28,78,228,36,22,2,245,187,32,221,5,157,222,25,58,2,241,171,71,31,178,47,89,126,149,217,212,7,112,79,118,12,182,229,8,42,206,205,199,3,165,116,186,206,111,69,45,24,220,101,173,110,83,183,252,125,151,165,94,63,79,139,138,161,149,172,10,10,236,145,253,99,24,18,215,35,235,122,24,28,154,145,58,180,214,118,191,255,87,247,190,255,140,157,239,255,174,125,239,255,20,219,1,76,236,89,93,107,167,167,86,109,203,177,109,111,57,182,131,91,142,109,179,229,160,168,10,242,84,196,203,182,112,215,97,242,152,197,75,104,89,223,205,23,180,51,17,66,121,130,65,70,245,121,181,165,73,76,185,240,135,197,108,41,36,64,170,142,56,81,27,6,95,42,2,32,48,32,142,141,31,97,188,66,195,16,172,31,122,72,100,136,102,196,132,112,134,10,127,198,183,149,162,214,147,67,147,121,129,129,138,207,198,9,250,193,23,6,61,76,8,104,16,194,59,172,190,91,33,106,15,240,18,21,57,160,245,238,82,229,70,90,240,23,166,189,166,78,166,36,15,32,120,238,193,38,150,108,103,159,194,242,244,251,98,158,132,113,126,169,125,171,156,86,17,125,14,94,76,223,159,210,57,187,254,111,232,34,220,186,9,111,209,228,173,42,45,222,55,103,210,55,13,59,154,127,238,99,223,18,89,203,109,46,42,46,28,52,122,252,137,34,64,130,131,248,79,202,51,88,61,222,115,48,71,173,12,153,84,65,149,21,14,6,211,17,181,242,209,241,148,87,226,102,80,126,6,226,143,195,231,3,10,186,39,31,16,191,10,199,19,193,168,22,134,31,144,198,77,61,230,125,111,216,123,238,10,145,49,113,243,65,79,225,238,95,232,193,4,47,172,61,180,179,18,126,221,41,16,165,235,183,206,236,141,193,48,36,56,123,186,119,210,178,83,85,184,148,60,194,48,154,51,94,168,173,9,209,14,183,195,107,216,237,217,217,2,252,25,206,206,200,86,162,245,180,33,69,180,167,184,110,82,67,91,38,110,182,191,55,96,251,123,219,108,127,239,49,219,223,251,129,225,199,201,92,195,128,175,138,181,213,241,150,2,147,169,53,134,169,169,161,77,26,204,179,41,4,21,169,1,245,107,72,165,27,86,176,134,116,187,174,174,24,206,40,204,86,190,251,10,119,173,203,118,244,233,190,213,192,81,128,219,102,145,176,37,194,181,102,216,154,110,122,120,22,82,235,227,167,205,44,124,51,70,139,12,179,223,130,65,48,98,158,33,5,161,54,152,103,133,241,141,53,106,134,177,119,123,3,246,110,111,155,189,219,123,204,194,134,18,219,114,228,133,84,49,242,170,102,150,177,201,137,242,98,71,16,153,205,104,19,195,142,190,240,43,252,243,43,254,253,141,217,214,23,199,76,224,218,17,108,83,133,99,200,176,237,28,190,189,194,81,182,235,111,128,174,192,173,128,185,231,44,102,89,37,224,108,244,54,23,37,115,195,54,193,24,5,46,10,49,125,36,225,88,61,150,65,112,220,60,253,7,223,181,25,239,77,50,206,124,230,7,177,49,12,42,2,74,38,144,14,76,187,246,51,8,54,124,205,167,37,94,188,7,141,41,187,196,54,15,147,89,150,150,203,9,151,191,139,221,108,54,215,63,48,42,169,146,227,216,43,115,90,106,143,147,25,187,149,238,118,135,249,100,9,38,201,40,26,242,107,8,254,188,125,145,208,103,154,22,31,31,37,197,163,93,182,247,151,1,92,236,177,253,217,91,145,79,33,196,54,41,30,237,179,253,100,206,179,9,120,196,20,143,158,131,73,231,117,62,198,213,9,18,14,216,139,228,48,207,248,205,30,176,214,224,184,115,204,249,130,189,72,14,38,105,9,215,47,217,139,228,88,36,197,57,252,248,133,189,202,223,138,52,43,143,206,19,177,128,148,87,236,69,114,180,72,179,140,74,254,63,246,58,47,203,20,91,255,79,248,208,190,192,213,107,118,56,121,157,207,242,37,214,120,200,254,43,185,84,183,254,139,189,89,150,115,142,55,222,64,7,223,38,34,185,40,224,231,91,246,142,158,234,29,123,159,62,231,16,22,191,151,102,79,224,235,133,212,247,236,232,42,153,195,213,17,59,254,188,143,168,191,227,155,227,228,75,2,105,199,236,74,164,37,127,145,206,249,209,77,54,134,164,15,236,128,234,251,200,146,235,52,199,54,254,42,85,153,123,34,191,42,184,120,159,47,75,122,144,95,193,190,5,70,223,164,120,244,27,123,207,147,49,94,254,141,81,150,183,34,191,76,39,148,245,140,21,233,44,123,67,15,151,192,195,165,179,164,196,62,126,166,33,135,239,11,124,138,33,105,204,246,138,227,115,193,249,243,188,44,62,194,57,107,76,79,49,129,188,88,59,5,74,39,197,35,14,51,247,121,114,83,188,202,14,243,172,60,167,238,79,33,117,119,89,226,27,153,49,201,99,128,25,32,229,156,73,78,9,152,216,11,124,73,41,251,239,226,250,253,50,43,211,11,126,128,51,8,31,254,191,25,133,135,194,245,23,246,42,223,159,231,203,201,243,252,10,213,213,240,90,228,72,207,217,139,228,67,193,133,154,18,23,236,56,61,228,69,1,122,38,248,157,177,60,131,254,28,129,128,217,63,79,178,25,159,64,122,206,94,229,135,147,125,112,42,131,159,11,246,34,81,181,195,239,191,51,1,195,106,117,72,224,72,190,202,0,133,230,224,34,73,231,187,217,228,109,82,20,87,185,192,18,5,123,145,168,25,189,15,180,151,144,136,150,74,123,208,151,236,112,66,211,229,69,46,64,159,5,137,151,208,216,68,77,133,43,182,44,211,57,182,121,13,117,66,93,180,146,66,210,13,123,117,129,74,107,248,241,143,106,248,47,255,31,132,39,255,96,179,90,36,0,0,0,0,0,0,0,0,0,0,0,0,0,0,0,0,0,0,0,0,0,0,0,0,0,0,0,0,0,0,0,0,0,0,0,0,0,0,0,0,0,0,0,0,0,0,0,0,0,0,0,0,0,0,0,0,0,0,0,0,0,0,0,0,0,0,0,0,0,0,0,0,0,0,0,0,0,0,0,0,0,0,0,0,0,0,0,0,0,0,0,0,0,0,0,0,0,0,0,0,0,0,0,0,0,0,0,0,0,0,0,0,0,0,0,0,0,0,0,0,0,0,0,0,0,0,0,0,0,0,0,0,0,0,0,0,0,0,0,0,0,0,0,0,0,0,0,0,0,0,0,0,0,0,0,0,0,0,0,0,0,0,0,0,0,0,0,0,0,0,0,0,0,0,0,0,0,0,0,0,0,0,0,0,0,0,0,0,0,0,0,0,0,0,0,0,0,0,0,0,0,0,0,0,0,0,0,0,0,0,0,0,0,0,0,0,0,0,0,0,0,0,0,0,0,0,0,0,0,0,0,0,0,0,0,0,0,0,0,0,0,0,0,0,0,0,0,0,0,0,0,0,0,0,0,0,0,0,0,0,0,0,0,0,0,0,0,0,0,0,0,0,0,0,0,0,0,0,0,0,0,0,0,0,0,0,0,0,0,0,0,0,0,0,0,0,0,0,0,0,0,0,0,0,0,0,0,0,0,0,0,0,0,0,0,0,0,0,0,0,0,0,0,0,0,0,0,0,0,0,0,0,0,0,0,0,0,0,0,0,0,0,0,0,0,0,0,0,0,0,0,0,0,0,0,0,0,0,0,0,0,0,0,0,0,0,0,0,0,0,0,0,0,0,0,0,0,0,0,0,0,0,0,0,0,0,0,0,0,0,0,0,0,0,0,0,0,0,0,0,0,0,0,0,0,0,0,0,0,0,0,0,0,0,0,0,0,0,0,0,0,0,0,0,0,0,0,0,0,0,0,0,0,0,0,0,0,0,0,0,0,0,0,0,0,0,0,0,0,0,0,0,0,0,0,0,0,0,0,0,0,0,0,0,0,0,0,0,0,0,0,0,0,0,0,0,0,0,0,0,0,0,0,0,0,0,0,0,0,0,0,0,0,0,0,0,0,0,0,0,0,0,0,0,0,0,0,0,0,0,0,0,0,0,0,0,0,0,0,0,0,0,0,0,0,0,0,0,0,0,0,0,0,0,0,0,0,0,0,0,0,0,0,0,0,0,0,0,0,0,0,0,0,0,0,0,0,0,0,0,0,0,0,0,0,0,0,0,0,0,0,0,0,0,0,0,0,0,0,0,0,0,0,0,0,0,0,0,0,0,0,0,0,0,0,0,0,0,0,0,0,0,0,0,0,0,0,0,0,0,0,0,0,0,0,0,0,0,0,0,0,0,0,0,0,0,0,0,0,0,0,0,0,0,0,0,0,0,0,0,0,0,0,0,0,0,0,0,0,0,0,0,0,0,0,0,0,0,0,0,0,0,0,0,0,0,0,0,0,0,0,0,0,0,0,0,0,0,0,0,0,0,0,0,0,0,0,0,0,0,0,0,0,0,0,0,0,0,0,0,0,0,0,0,0,0,0,0,0,0,0,0,0,0,0,0,0,0,0,0,0,0,0,0,0,0,0,0,0,0,0,0,0,0,0,0,0,0,0,0,0,0,0,0,0,0,0,0,0,0,0,0,0,0,0,0,0,0,0,0,0,0,0,0,0,0,0,0,0,0,0,0,0,0,0,0,0,0,0,0,0,0,0,0,0,0,0,0,0,0,0,0,0,0,0,0,0,0,0,0,0,0,0,0,0,0,0,0,0,0,0,0,0,0,0,0,0,0,0,0,0,0,0,0,0,0,0,0,0,0,0,0,0,0,0,0,0,0,0,0,0,0,0,0,0,0,0,0,0,0,0,0,0,0,0,0,0,0,0,0,0,0,0,0,0,0,0,0,0,0,0,0,0,0,0,0,0,0,0,0,0,0,0,0,0,0,0,0,0,0,0,0,0,0,0,0,0,0,0,0,0,0,0,0,0,0,0,0,0,0,0,0,0,0,0,0,0,0,0,0,0,0,0,0,0,0,0,0,0,0,0,0,0,0,0,0,0,0,0,0,0,0,0,0,0,0,0,0,0,0,0,0,0,0,0,0,0,0,0,0,0,0,0,0,0,0,0,0,0,0,0,0,0,0,0,0,0,0,0,0,0,0,0,0,0,0,0,0,0,0,0,0,0,0,0,0,0,0,0,0,0,0,0,0,0,0,0,0,0,0,0,0,0,0,0,0,0,0,0,0,0,0,0,0,0,0,0,0,0,0,0,0,0,0,0,0,0,0,0,0,0,0,0,0,0,0,0,0,0,0,0,0,0,0,0,0,0,0,0,0,0,0,0,0,0,0,0,0,0,0,0,0,0,0,0,0,0,0,0,0,0,0,0,0,0,0,0,0,0,0,0,0,0,0,0,0,0,0,0,0,0,0,0,0,0,0,0,0,0,0,0,0,0,0,0,0,0,0,0,0,0,0,0,0,0,0,0,0,0,0,0,0,0,0,0,0,0,0,0,0,0,0,0,0,0,0,0,0,0,0,0,0,0,0,0,0,0,0,0,0,0,0,0,0,0,0,0,0,0,0,0,0,0,0,0,0,0,0,0,0,0,0,0,0,0,0,0,0,0,0,0,0,0,0,0,0,0,0,0,0,0,0,0,0,0,0,0,0,0,0,0,0,0,0,0,0,0,0,0,0,0,0,0,0,0,0,0,0,0,0,0,0,0,0,0,0,0,0,0,0,0,0,0,0,0,0,0,0,0,0,0,0,0,0,0,0,0,0,0,0,0,0,0,0,0,0,0,0,0,0,0,0,0,0,0,0,0,0,0,0,0,0,0,0,0,0,0,0,0,0,0,0,0,0,0,0,0,0,0,0,0,0,0,0,0,0,0,0,0,0,0,0,0,0,0,0,0,0,0,0,0,0,0,0,0,0,0,0,0,0,0,0,0,0,0,0,0,0,0,0,0,0,0,0,0,0,0,0,0,0,0,0,0,0,0,0,0,0,0,0,0,0,0,0,0,0,0,0,0,0,0,0,0,0,0,0,0,0,0,0,0,0,0,0,0,0,0,0,0,0,0,0,0,0,0,0,0,0,0,0,0,0,0,0,0,0,0,0,0,0,0,0,0,0,0,0,0,0,0,0,0,0,0,0,0,0,0,0,0,0,0,0,0,0,0,0,0,0,0,0,0,0,0,0,0,0,0,0,0,0,0,0,0,0,0,0,0,0,0,0,0,0,0,0,0,0,0,0,0,0,0,0,0,0,0,0,0,0,0,0,0,0,0,0,0,0,0,0,0,0,0,0,0,0,0,0,0,0,0,0,0,0,0,0,0,0,0,0,0,0,0,0,0,0,0,0,0,0,0,0,0,0,0,0,0,0,0,0,0,0,0,0,0,0,0,0,0,0,0,0,0,0,0,0,0,0,0,0,0,0,0,0,0,0,0,0,0,0,0,0,0,0,0,0,0,0,0,0,0,0,0,0,0,0,0,0,0,0,0,0,0,0,0,0,0,0,0,0,0,0,0,0,0,0,0,0,0,0,0,0,0,0,0,0,0,0,0,0,0,0,0,0,0,0,0,0,0,0,0,0,0,0,0,0,0,0,0,0,0,0,0,0,0,0,0,0,0,0,0,0,0,0,0,0,0,0,0,0,0,0,0,0,0,0,0,0,0,0,0,0,0,0,0,0,0,0,0,0,0,0,0,0,0,0,0,0,0,0,0,0,0,0,0,0,0,0,0,0,0,0,0,0,0,0,0,0,0,0,0,0,0,0,0,0,0,0,0,0,0,0,0,0,0,0,0,0,0,0,0,0,0,0,0,0,0,0,0,0,0,0,0,0,0,0,0,0,0,0,0,0,0,0,0,0,0,0,0,0,0,0,0,0,0,0,0,0,0,0,0,0,0,0,0,0,0,0,0,0,0,0,0,0,0,0,0,0,0,0,0,0,0,0,0,0,0,0,0,0,0,0,0,0,0,0,0,0,0,0,0,0,0,0,0,0,0,0,0,0,0,0,0,0,0,0,0,0,0,0,0,0,0,0,0,0,0,0,0,0,0,0,0,0,0,0,0,0,0,0,0,0,0,0,0,0,0,0,0,0,0,0,0,0,0,0,0,0,0,0,0,0,0,0,0,0,0,0,0,0,0,0,0,0,0,0,0,0,0,0,0,0,0,0,0,0,0,0,0,0,0,0,0,0,0,0,0,0,0,0,0,0,0,0,0,0,0,0,0,0,0,0,0,0,0,0,0,0,0,0,0,0,0,0,0,0,0,0,0,0,0,0,0,0,0,0,0,0,0,0,0,0,0,0,0,0,0,0,0,0,0,0,0,0,0,0,0,0,0,0,0,0,0,0,0,0,0,0,0,0,0,0,0,0,0,0,0,0,0,0,0,0,0,0,0,0,0,0,0,0,0,0,0,0,0,0,0,0,0,0,0,0,0,0,0,0,0,0,0,0,0,0,0,0,0,0,0,0,0,0,0,0,0,0,0,0,0,0,0,0,0,0,0,0,0,0,0,0,0,0,0,0,0,0,0,0,0,0,0,0,0,0,0,0,0,0,0,0,0,0,0,0,0,0,0,0,0,0,0,0,0,0,0,0,0,0,0,0,0,0,0,0,0,0,0,0,0,0,0,0,0,0,0,0,0,0,0,0,0,0,0,0,0,0,0,0,0,0,0,0,0,0,0,0,0,0,0,0,0,0,0,0,0,0,0,0,0,0,0,0,0,0,0,0,0,0,0,0,0,0,0,0,0,0,0,0,0,0,0,0,0,0,0,0,0,0,0,0,0,0,0,0,0,0,0,0,0,0,0,0,0,0,0,0,0,0,0,0,0,0,0,0,0,0,0,0,0,0,0,0,0,0,0,0,0,0,0,0,0,0,0,0,0,0,0,0,0,0,0,0,0,0,0,0,0,0,0,0,0,0,0,0,0,0,0,0,0,0,0,0,0,0,0,0,0,0,0,0,0,0,0,0,0,0,0,0,0,0,0,0,0,0,0,0,0,0,0,0,0,0,0,0,0,0,0,0,0,0,0,0,0,0,0,0,0,0,0,0,0,0,0,0,0,0,0,0,0,0,0,0,0,0,0,0,0,0,0,0,0,0,0,0,0,0,0,0,0,0,0,0,0,0,0,0,0,0,0,0,0,0,0,0,0,0,0,0,0,0,0,0,0,0,0,0,0,0,0,0,0,0,0,0,0,0,0,0,0,0,0,0,0,0,0,0,0,0,0,0,0,0,0,0,0,0,0,0,0,0,0,0,0,0,0,0,0,0,0,0,0,0,0,0,0,0,0,0,0,0,0,0,0,0,0,0,0,0,0,0,0,0,0,0,0,0,0,0,0,0,0,0,0,0,0,0,0,0,0,0,0,0,0,0,0,0,0,0,0,0,0,0,0,0,0,0,0,0,0,0,0,0,0,0,0,0,0,0,0,0,0,0,0,0,0,0,0,0,0,0,0,0,0,0,0,0,0,0,0,0,0,0,0,0,0,0,0,0,0,0,0,0,0,0,0,0,0,0,0,0,0,0,0,0,0,0,0,0,0,0,0,0,0,0,0,0,0,0,0,0,0,0,0,0,0,0,0,0,0,0,0,0,0,0,0,0,0,0,0,0,0,0,0,0,0,0,0,0,0,0,0,0,0,0,0,0,0,0,0,0,0,0,0,0,0,0,0,0,0,0,0,0,0,0,0,0,0,0,0,0,0,0,0,0,0,0,0,0,0,0,0,0,0,0,0,0,0,0,0,0,0,0,0,0,0,0,0,0,0,0,0,0,0,0,0,0,0,0,0,0,0,0,0,0,0,0,0,0,0,0,0,0,0,0,0,0,0,0,0,0,0,0,0,0,0,0,0,0,0,0,0,0,0,0,0,0,0,0,0,0,0,0,0,0,0,0,0,0,0,0,0,0,0,0,0,0,0,0,0,0,0,0,0,0,0,0,0,0,0,0,0,0,0,0,0,0,0,0,0,0,0,0,0,0,0,0,0,0,0,0,0,0,0,0,0,0,0,0,0,0,0,0,0,0,0,0,0,0,0,0,0,0,0,0,0,0,0,0,0,0,0,0,0,0,0,0,0,0,0,0,0,0,0,0,0,0,0,0,0,0,0,0,0,0,0,0,0,0,0,0,0,0,0,0,0,0,0,0,0,0,0,0,0,0,0,0,0,0,0,0,0,0,0,0,0,0,0,0,0,0,0,0,0,0,0,0,0,0,0,0,0,0,0,0,0,0,0,0,0,0,0,0,0,0,0,0,0,0,0,0,0,0,0,0,0,0,0,0,0,0,0,0,0,0,0,0,0,0,0,0,0,0,0,0,0,0,0,0,0,0,0,0,0,0,0,0,0,0,0,0,0,0,0,0,0,0,0,0,0,0,0,0,0,0,0,0,0,0,0,0,0,0,0,0,0,0,0,0,0,0,0,0,0,0,0,0,0,0,0,0,0,0,0,0,0,0,0,0,0,0,0,0,0,0,0,0,0,0,0,0,0,0,0,0,0,0,0,0,0,0,0,0,0,0,0,0,0,0,0,0,0,0,0,0,0,0,0,0,0,0,0,0,0,0,0,0,0,0,0,0,0,0,0,0,0,0,0,0,0,0,0,0,0,0,0,0,0,0,0,0,0,0,0,0,0,0,0,0,0,0,0,0,0,0,0,0,0,0,0,0,0,0,0,0,0,0,0,0,0,0,0,0,0,0,0,0,0,0,0,0,0,0,0,0,0,0,0,0,0,0,0,0,0,0,0,0,0,0,0,0,0,0,0,0,0,0,0,0,0,0,0,0,0,0,0,0,0,0,0,0,0,0,0,0,0,0,0,0,0,0,0,0,0,0,0,0,0,0,0,0,0,0,0,0,0,0,0,0,0,0,0,0,0,0,0,0,0,0,0,0,0,0,0,0,0,0,0,0,0,0,0,0,0,0,0,0,0,0,0,0,0,0,0,0,0,0,0,0,0,0,0,0,0,0,0,0,0,0,0,0,0,0,0,0,0,0,0,0,0,0,0,0,0,0,0,0,0,0,0,0,0,0,0,0,0,0,0,0,0,0,0,0,0,0,0,0,0,0,0,0,0,0,0,0,0,0,0,0,0,0,0,0,0,0,0,0,0,0,0,0,0,0,0,0,0,0,0,0,0,0,0,0,0,0,0,0,0,0,0,0,0,0,0,0,0,0,0,0,0,0,0,0,0,0,0,0,0,0,0,0,0,0,0,0,0,0,0,0,0,0,0,0,0,0,0,0,0,0,0,0,0,0,0,0,0,0,0,0,0,0,0,0,0,0,0,0,0,0,0,0,0,0,0,0,0,0,0,0,0,0,0,0,0,0,0,0,0,0,0,0,0,0,0,0,0,0,0,0,0,0,0,0,0,0,0,0,0,0,0,0,0,0,0,0,0,0,0,0,0,0,0,0,0,0,0,0,0,0,0,0,0,0,0,0,0,0,0,0,0,0,0,0,0,0,0,0,0,0,0,0,0,0,0,0,0,0,0,0,0,0,0,0,0,0,0,0,0,0,0,0,0,0,0,0,0,0,0,0,0,0,0,0,0,0,0,0,0,0,0,0,0,0,0,0,0,0,0,0,0,0,0,0,0,0,0,0,0,0,0,0,0,0,0,0,0,0,0,0,0,0,0,0,0,0,0,0,0,0,0,0,0,0,0,0,0,0,0,0,0,0,0,0,0,0,0,0,0,0,0,0,0,0,0,0,0,0,0,0,0,0,0,0,0,0,0,0,0,0,0,0,0,0,0,0,0,0,0,0,0,0,0,0,0,0,0,0,0,0,0,0,0,0,0,0,0,0,0,0,0,0,0,0,0,0,0,0,0,0,0,0,0,0,0,0,0,0,0,0,0,0,0,0,0,0,0,0,0,0,0,0,0,0,0,0,0,0,0,0,0,0,0,0,0,0,0,0,0,0,0,0,0,0,0,0,0,0,0,0,0,0,0,0,0,0,0,0,0,0,0,0,0,0,0,0,0,0,0,0,0,0,0,0,0,0,0,0,0,0,0,0,0,0,0,0,0,0,0,0,0,0,0,0,0,0,0,0,0,0,0,0,0,0,0,0,0,0,0,0,0,0,0,0,0,0,0,0,0,0,0,0,0,0,0,0,0,0,0,0,0,0,0,0,0,0,0,0,0,0,0,0,0,0,0,0,0,0,0,0,0,0,0,0,0,0,0,0,0,0,0,0,0,0,0,0,0,0,0,0,0,0,0,0,0,0,0,0,0,0,0,0,0,0,0,0,0,0,0,0,0,0,0,0,0,0,0,0,0,0,0,0,0,0,0,0,0,0,0,0,0,0,0,0,0,0,0,0,0,0,0,0,0,0,0,0,0,0,0,0,0,0,0,0,0,0,0,0,0,0,0,0,0,0,0,0,0,0,0,0,0,0,0,0,0,0,0,0,0,0,0,0,0,0,0,0,0,0,0,0,0,0,0,0,0,0,0,0,0,0,0,0,0,0,0,0,0,0,0,0,0,0,0,0,0,0,0,0,0,0,0,0,0,0,0,0,0,0,0,0,0,0,0,0,0,0,0,0,0,0,0,0,0,0,0,0,0,0,0,0,0,0,0,0,0,0,0,0,0,0,0,0,0,0,0,0,0,0,0,0,0,0,0,0,0,0,0,0,0,0,0,0,0,0,0,0,0,0,0,0,0,0,0,0,0,0,0,0,0,0,0,0,0,0,0,0,0,0,0,0,0,0,0,0,0,0,0,0,0,0,0,0,0,0,0,0,0,0,0,0,0,0,0,0,0,0,0,0,0,0,0,0,0,0,0,0,0,0,0,0,0,0,0,0,0,0,0,0,0,0,0,0,0,0,0,0,0,0,0,0,0,0,0,0,0,0,0,0,0,0,0,0,0,0,0,0,0,0,0,0,0,0,0,0,0,0,0,0,0,0,0,0,0,0,0,0,0,0,0,0,0,0,0,0,0,0,0,0,0,0,0,0,0,0,0,0,0,0,0,0,0,0,0,0,0,0,0,0,0,0,0,0,0,0,0,0,0,0,0,0,0,0,0,0,0,0,0,0,0,0,0,0,0,0,0,0,0,0,0,0,0,0,0,0,0,0,0,0,0,0,0,0,0,0,0,0,0,0,0,0,0,0,0,0,0,0,0,0,0,0,0,0,0,0,0,0,0,0,0,0,0,0,0,0,0,0,0,0,0,0,0,0,0,0,0,0,0,0,0,0,0,0,0,0,0,0,0,0,0,0,0,0,0,0,0,0,0,0,0,0,0,0,0,0,0,0,0,0,0,0,0,0,0,0,0,0,0,0,0,0,0,0,0,0,0,0,0,0,0,0,0,0,0,0,0,0,0,0,0,0,0,0,0,0,0,0,0,0,0,0,0,0,0,0,0,0,0,0,0,0,0,0,0,0,0,0,0,0,0,0,0,0,0,0,0,0,0,0,0,0,0,0,0,0,0,0,0,0,0,0,0,0,0,0,0,0,0,0,0,0,0,0,0,0,0,0,0,0,0,0,0,0,0,0,0,0,0,0,0,0,0,0,0,0,0,0,0,0,0,0,0,0,0,0,0,0,0,0,0,0,0,0,0,0,0,0,0,0,0,0,0,0,0,0,0,0,0,0,0,0,0,0,0,0,0,0,0,0,0,0,0,0,0,0,0,0,0,0,0,0,0,0,0,0,0,0,0,0,0,0,0,0,0,0,0,0,0,0,0,0,0,0,0,0,0,0,0,0,0,0,0,0,0,0,0,0,0,0,0,0,0,0,0,0,0,0,0,0,0,0,0,0,0,0,0,0,0,0,0,0,0,0,0,0,0,0,0,0,0,0,0,0,0,0,0,0,0,0,0,0,0,0,0,0,0,0,0,0,0,0,0,0,0,0,0,0,0,0,0,0,0,0,0,0,0,0,0,0,0,0,0,0,0,0,0,0,0,0,0,0,0,0,0,0,0,0,0,0,0,0,0,0,0,0,0,0,0,0,0,0,0,0,0,0,0,0,0,0,0,0,0,0,0,0,0,0,0,0,0,0,0,0,0,0,0,0,0,0,0,0,0,0,0,0,0,0,0,0,0,0,0,0,0,0,0,0,0,0,0,0,0,0,0,0,0,0,0,0,0,0,0,0,0,0,0,0,0,0,0,0,0,0,0,0,0,0,0,0,0,0,0,0,0,0,0,0,0,0,0,0,0,0,0,0,0,0,0,0,0,0,0,0,0,0,0,0,0,0,0,0,0,0,0,0,0,0,0,0,0,0,0,0,0,0,0,0,0,0,0,0,0,0,0,0,0,0,0,0,0,0,0,0,0,0,0,0,0,0,0,0,0,0,0,0,0,0,0,0,0,0,0,0,0,0,0,0,0,0,0,0,0,0,0,0,0,0,0,0,0,0,0,0,0,0,0,0,0,0,0,0,0,0,0,0,0,0,0,0,0,0,0,0,0,0,0,0,0,0,0,0,0,0,0,0,0,0,0,0,0,0,0,0,0,0,0,0,0,0,0,0,0,0,0,0,0,0,0,0,0,0,0,0,0,0,0,0,0,0,0,0,0,0,0,0,0,0,0,0,0,0,0,0,0,0,0,0,0,0,0,0,0,0,0,0,0,0,0,0,0,0,0,0,0,0,0,0,0,0,0,0,0,0,0,0,0,0,0,0,0,0,0,0,0,0,0,0,0,0,0,0,0,0,0,0,0,0,0,0,0,0,0,0,0,0,0,0,0,0,0,0,0,0,0,0,0,0,0,0,0,0,0,0,0,0,0,0,0,0,0,0,0,0,0,0,0,0,0,0,0,0,0,0,0,0,0,0,0,0,0,0,0,0,0,0,0,0,0,0,0,0,0,0,0,0,0,0,0,0,0,0,0,0,0,0,0,0,0,0,0,0,0,0,0,0,0,0,0,0,0,0,0,0,0,0,0,0,0,0,0,0,0,0,0,0,0,0,0,0,0,0,0,0,0,0,0,0,0,0,0,0,0,0,0,0,0,0,0,0,0,0,0,0,0,0,0,0,0,0,0,0,0,0,0,0,0,0,0,0,0,0,0,0,0,0,0,0,0,0,0,0,0,0,0,0,0,0,0,0,0,0,0,0,0,0,0,0,0,0,0,0,0,0,0,0,0,0,0,0,0,0,0,0,0,0,0,0,0,0,0,0,0,0,0,0,0,0,0,0,0,0,0,0,0,0,0,0,0,0,0,0,0,0,0,0,0,0,0,0,0,0,0,0,0,0,0,0,0,0,0,0,0,0,0,0,0,0,0,0,0,0,0,0,0,0,0,0,0,0,0,0,0,0,0,0,0,0,0,0,0,0,0,0,0,0,0,0,0,0,0,0,0,0,0,0,0,0,0,0,0,0,0,0,0,0,0,0,0,0,0,0,0,0,0,0,0,0,0,0,0,0,0,0,0,0,0,0,0,0,0,0,0,0,0,0,0,0,0,0,0,0,0,0,0,0,0,0,0,0,0,0,0,0,0,0,0,0,0,0,0,0,0,0,0,0,0,0,0,0,0,0,0,0,0,0,0,0,0,0,0,0,0,0,0,0,0,0,0,0,0,0,0,0,0,0,0,0,0,0,0,0,0,0,0,0,0,0,0,0,0,0,0,0,0,0,0,0,0,0,0,0,0,0,0,0,0,0,0,0,0,0,0,0,0,0,0,0,0,0,0,0,0,0,0,0,0,0,0,0,0,0,0,0,0,0,0,0,0,0,0,0,0,0,0,0,0,0,0,0,0,0,0,0,0,0,0,0,0,0,0,0,0,0,0,0,0,0,0,0,0,0,0,0,0,0,0,0,0,0,0,0,0,0,0,0,0,0,0,0,0,0,0,0,0,0,0,0,0,0,0,0,0,0,0,0,0,0,0,0,0,0,0,0,0,0,0,0,0,0,0,0,0,0,0,0,0,0,0,0,0,0,0,0,0,0,0,0,0,0,0,0,0,0,0,0,0,0,0,0,0,0,0,0,0,0,0,0,0,0,0,0,0,0,0,0,0,0,0,0,0,0,0,0,0,0,0,0,0,0,0,0,0,0,0,0,0,0,0,0,0,0,0,0,0,0,0,0,0,0,0,0,0,0,0,0,0,0,0,0,0,0,0,0,0,0,0,0,0,0,0,0,0,0,0,0,0,0,0,0,0,0,0,0,0,0,0,0,0,0,0,0,0,0,0,0,0,0,0,0,0,0,0,0,0,0,0,0,0,0,0,0,0,0,0,0,0,0,0,0,0,0,0,0,0,0,0,0,0,0,0,0,0,0,0,0,0,0,0,0,0,0,0,0,0,0,0,0,0,0,0,0,0,0,0,0,0,0,0,0,0,0,0,0,0,0,0,0,0,0,0,0,0,0,0,0,0,0,0,0,0,0,0,0,0,0,0,0,0,0,0,0,0,0,0,0,0,0,0,0,0,0,0,0,0,0,0,0,0,0,0,0,0,0,0,0,0,0,0,0,0,0,0,0,0,0,0,0,0,0,0,0,0,0,0,0,0,0,0,0,0,0,0,0,0,0,0,0,0,0,0,0,0,0,0,0,0,0,0,0,0,0,0,0,0,0,0,0,0,0,0,0,0,0,0,0,0,0,0,0,0,0,0,0,0,0,0,0,0,0,0,0,0,0,0,0,0,0,0,0,0,0,0,0,0,0,0,0,0,0,0,0,0,0,0,0,0,0,0,0,0,0,0,0,0,0,0,0,0,0,0,0,0,0,0,0,0,0,0,0,0,0,0,0,0,0,0,0,0,0,0,0,0,0,0,0,0,0,0,0,0,0,0,0,0,0,0,0,0,0,0,0,0,0,0,0,0,0,0,0,0,0,0,0,0,0,0,0,0,0,0,0,0,0,0,0,0,0,0,0,0,0,0,0,0,0,0,0,0,0,0,0,0,0,0,0,0,0,0,0,0,0,0,0,0,0,0,0,0,0,0,0,0,0,0,0,0,0,0,0,0,0,0,0,0,0,0,0,0,0,0,0,0,0,0,0,0,0,0,0,0,0,0,0,0,0,0,0,0,0,0,0,0,0,0,0,0,0,0,0,0,0,0,0,0,0,0,0,0,0,0,0,0,0,0,0,0,0,0,0,0,0,0,0,0,0,0,0,0,0,0,0,0,0,0,0,0,0,0,0,0,0,0,0,0,0,0,0,0,0,0,0,0,0,0,0,0,0,0,0,0,0,0,0,0,0,0,0,0,0,0,0,0,0,0,0,0,0,0,0,0,0,0,0,0,0,0,0,0,0,0,0,0,0,0,0,0,0,0,0,0,0,0,0,0,0,0,0,0,0,0,0,0,0,0,0,0,0,0,0,0,0,0,0,0,0,0,0,0,0,0,0,0,0,0,0,0,0,0,0,0,0,0,0,0,0,0,0,0,0,0,0,0,0,0,0,0,0,0,0,0,0,0,0,0,0,0,0,0,0,0,0,0,0,0,0,0,0,0,0,0,0,0,0,0,0,0,0,0,0,0,0,0,0,0,0,0,0,0,0,0,0,0,0,0,0,0,0,0,0,0,0,0,0,0,0,0,0,0,0,0,0,0,0,0,0,0,0,0,0,0,0,0,0,0,0,0,0,0,0,0,0,0,0,0,0,0,0,0,0,0,0,0,0,0,0,0,0,0,0,0,0,0,0,0,0,0,0,0,0,0,0,0,0,0,0,0,0,0,0,0,0,0,0,0,0,0,0,0,0,0,0,0,0,0,0,0,0,0,0,0,0,0,0,0,0,0,0,0,0,0,0,0,0,0,0,0,0,0,0,0,0,0,0,0,0,0,0,0,0,0,0,0,0,0,0,0,0,0,0,0,0,0,0,0,0,0,0,0,0,0,0,0,0,0,0,0,0,0,0,0,0,0,0,0,0,0,0,0,0,0,0,0,0,0,0,0,0,0,0,0,0,0,0,0,0,0,0,0,0,0,0,0,0,0,0,0,0,0,0,0,0,0,0,0,0,0,0,0,0,0,0,0,0,0,0,0,0,0,0,0,0,0,0,0,0,0,0,0,0,0,0,0,0,0,0,0,0,0,0,0,0,0,0,0,0,0,0,0,0,0,0,0,0,0,0,0,0,0,0,0,0,0,0,0,0,0,0,0,0,0,0,0,0,0,0,0,0,0,0,0,0,0,0,0,0,0,0,0,0,0,0,0,0,0,0,0,0,0,0,0,0,0,0,0,0,0,0,0,0,0,0,0,0,0,0,0,0,0,0,0,0,0,0,0,0,0,0,0,0,0,0,0,0,0,0,0,0,0,0,0,0,0,0,0,0,0,0,0,0,0,0,0,0,0,0,0,0,0,0,0,0,0,0,0,0,0,0,0,0,0,0,0,0,0,0,0,0,0,0,0,0,0,0,0,0,0,0,0,0,0,0,0,0,0,0,0,0,0,0,0,0,0,0,0,0,0,0,0,0,0,0,0,0,0,0,0,0,0,0,0,0,0,0,0,0,0,0,0,0,0,0,0,0,0,0,0,0,0,0,0,0,0,0,0,0,0,0,0,0,0,0,0,0,0,0,0,0,0,0,0,0,0,0,0,0,0,0,0,0,0,0,0,0,0,0,0,0,0,0,0,0,0,0,0,0,0,0,0,0,0,0,0,0,0,0,0,0,0,0,0,0,0,0,0,0,0,0,0,0,0,0,0,0,0,0,0,0,0,0,0,0,0,0,0,0,0,0,0,0,0,0,0,0,0,0,0,0,0,0,0,0,0,0,0,0,0,0,0,0,0,0,0,0,0,0,0,0,0,0,0,0,0,0,0,0,0,0,0,0,0,0,0,0,0,0,0,0,0,0,0,0,0,0,0,0,0,0,0,0,0,0,0,0,0,0,0,0,0,0,0,0,0,0,0,0,0,0,0,0,0,0,0,0,0,0,0,0,0,0,0,0,0,0,0,0,0,0,0,0,0,0,0,0,0,0,0,0,0,0,0,0,0,0,0,0,0,0,0,0,0,0,0,0,0,0,0,0,0,0,0,0,0,0,0,0,0,0,0,0,0,0,0,0,0,0,0,0,0,0,0,0,0,0,0,0,0,0,0,0,0,0,0,0,0,0,0,0,0,0,0,0,0,0,0,0,0,0,0,0,0,0,0,0,0,0,0,0,0,0,0,0,0,0,0,0,0,0,0,0,0,0,0,0,0,0,0,0,0,0,0,0,0,0,0,0,0,0,0,0,0,0,0,0,0,0,0,0,0,0,0,0,0,0,0,0,0,0,0,0,0,0,0,0,0,0,0,0,0,0,0,0,0,0,0,0,0,0,0,0,0,0,0,0,0,0,0,0,0,0,0,0,0,0,0,0,0,0,0,0,0,0,0,0,0,0,0,0,0,0,0,0,0,0,0,0,0,0,0,0,0,0,0,0,0,0,0,0,0,0,0,0,0,0,0,0,0,0,0,0,0,0,0,0,0,0,0,0,0,0,0,0,0,0,0,0,0,0,0,0,0,0,0,0,0,0,0,0,0,0,0,0,0,0,0,0,0,0,0,0,0,0,0,0,0,0,0,0,0,0,0,0,0,0,0,0,0,0,0,0,0,0,0,0,0,0,0,0,0,0,0,0,0,0,0,0,0,0,0,0,0,0,0,0,0,0,0,0,0,0,0,0,0,0,0,0,0,0,0,0,0,0,0,0,0,0,0,0,0,0,0,0,0,0,0,0,0,0,0,0,0,0,0,0,0,0,0,0,0,0,0,0,0,0,0,0,0,0,0,0,0,0,0,0,0,0,0,0,0,0,0,0,0,0,0,0,0,0,0,0,0,0,0,0,0,0,0,0,0,0,0,0,0,0,0,0,0,0,0,0,0,0,0,0,0,0,0,0,0,0,0,0,0,0,0,0,0,0,0,0,0,0,0,0,0,0,0,0,0,0,0,0,0,0,0,0,0,0,0,0,0,0,0,0,0,0,0,0,0,0,0,0,0,0,0,0,0,0,0,0,0,0,0,0,0,0,0,0,0,0,0,0,0,0,0,0,0,0,0,0,0,0,0,0,0,0,0,0,0,0,0,0,0,0,0,0,0,0,0,0,0,0,0,0,0,0,0,0,0,0,0,0,0,0,0,0,0,0,0,0,0,0,0,0,0,0,0,0,0,0,0,0,0,0,0,0,0,0,0,0,0,0,0,0,0,0,0,0,0,0,0,0,0,0,0,0,0,0,0,0,0,0,0,0,0,0,0,0,0,0,0,0,0,0,0,0,0,0,0,0,0,0,0,0,0,0,0,0,0,0,0,0,0,0,0,0,0,0,0,0,0,0,0,0,0,0,0,0,0,0,0,0,0,0,0,0,0,0,0,0,0,0,0,0,0,0,0,0,0,0,0,0,0,0,0,0,0,0,0,0,0,0,0,0,0,0,0,0,0,0,0,0,0,0,0,0,0,0,0,0,0,0,0,0,0,0,0,0,0,0,0,0,0,0,0,0,0,0,0,0,0,0,0,0,0,0,0,0,0,0,0,0,0,0,0,0,0,0,0,0,0,0,0,0,0,0,0,0,0,0,0,0,0,0,0,0,0,0,0,0,0,0,0,0,0,0,0,0,0,0,0,0,0,0,0,0,0,0,0,0,0,0,0,0,0,0,0,0,0,0,0,0,0,0,0,0,0,0,0,0,0,0,0,0,0,0,0,0,0,0,0,0,0,0,0,0,0,0,0,0,0,0,0,0,0,0,0,0,0,0,0,0,0,0,0,0,0,0,0,0,0,0,0,0,0,0,0,0,0,0,0,0,0,0,0,0,0,0,0,0,0,0,0,0,0,0,0,0,0,0,0,0,0,0,0,0,0,0,0,0,0,0,0,0,0,0,0,0,0,0,0,0,0,0,0,0,0,0,0,0,0,0,0,0,0,0,0,0,0,0,0,0,0,0,0,0,0,0,0,0,0,0,0,0,0,0,0,0,0,0,0,0,0,0,0,0,0,0,0,0,0,0,0,0,0,0,0,0,0,0,0,0,0,0,0,0,0,0,0,0,0,0,0,0,0,0,0,0,0,0,0,0,0,0,0,0,0,0,0,0,0,0,0,0,0,0,0,0,0,0,0,0,0,0,0,0,0,0,0,0,0,0,0,0,0,0,0,0,0,0,0,0,0,0,0,0,0,0,0,0,0,0,0,0,0,0,0,0,0,0,0,0,0,0,0,0,0,0,0,0,0,0,0,0,0,0,0,0,0,0,0,0,0,0,0,0,0,0,0,0,0,0,0,0,0,0,0,0,0,0,0,0,0,0,0,0,0,0,0,0,0,0,0,0,0,0,0,0,0,0,0,0,0,0,0,0,0,0,0,0,0,0,0,0,0,0,0,0,0,0,0,0,0,0,0,0,0,0,0,0,0,0,0,0,0,0,0,0,0,0,0,0,0,0,0,0,0,0,0,0,0,0,0,0,0,0,0,0,0,0,0,0,0,0,0,0,0,0,0,0,0,0,0,0,0,0,0,0,0,0,0,0,0,0,0,0,0,0,0,0,0,0,0,0,0,0,0,0,0,0,0,0,0,0,0,0,0,0,0,0,0,0,0,0,0,0,0,0,0,0,0,0,0,0,0,0,0,0,0,0,0,0,0,0,0,0,0,0,0,0,0,0,0,0,0,0,0,0,0,0,0,0,0,0,0,0,0,0,0,0,0,0,0,0,0,0,0,0,0,0,0,0,0,0,0,0,0,0,0,0,0,0,0,0,0,0,0,0,0,0,0,0,0,0,0,0,0,0,0,0,0,0,0,0,0,0,0,0,0,0,0,0,0,0,0,0,0,0,0,0,0,0,0,0,0,0,0,0,0,0,0,0,0,0,0,0,0,0,0,0,0,0,0,0,0,0,0,0,0,0,0,0,0,0,0,0,0,0,0,0,0,0,0,0,0,0,0,0,0,0,0,0,0,0,0,0,0,0,0,0,0,0,0,0,0,0,0,0,0,0,0,0,0,0,0,0,0,0,0,0,0,0,0,0,0,0,0,0,0,0,0,0,0,0,0,0,0,0,0,0,0,0,0,0,0,0,0,0,0,0,0,0,0,0,0,0,0,0,0,0,0,0,0,0,0,0,0,0,0,0,0,0,0,0,0,0,0,0,0,0,0,0,0,0,0,0,0,0,0,0,0,0,0,0,0,0,0,0,0,0,0,0,0,0,0,0,0,0,0,0,0,0,0,0,0,0,0,0,0,0,0,0,0,0,0,0,0,0,0,0,0,0,0,0,0,0,0,0,0,0,0,0,0,0,0,0,0,0,0,0,0,0,0,0,0,0,0,0,0,0,0,0,0,0,0,0,0,0,0,0,0,0,0,0,0,0,0,0,0,0,0,0,0,0,0,0,0,0,0,0,0,0,0,0,0,0,0,0,0,0,0,0,0,0,0,0,0,0,0,0,0,0,0,0,0,0,0,0,0,0,0,0,0,0,0,0,0,0,0,0,0,0,0,0,0,0,0,0,0,0,0,0,0,0,0,0,0,0,0,0,0,0,0,0,0,0,0,0,0,0,0,0,0,0,0,0,0,0,0,0,0]},"_outOffset":8132,"_chunkSize":16384,"_defaultFlushFlag":0,"_finishFlushFlag":4,"_defaultFullFlushFlag":3,"_maxOutputLength":9007199254740991,"_level":9,"_strategy":0}}): AbortError: The user aborted a request.
[debug] [2025-08-15T18:33:09.265Z] [uploadQueue] Retrying task 7f27aeffe393e397ac575e5425a9335e0b4a4e913033acf002c5131afbe209e6
[debug] [2025-08-15T18:33:09.267Z] Checked if tokens are valid: true, expires at: 1755285626324
[debug] [2025-08-15T18:33:09.267Z] Checked if tokens are valid: true, expires at: 1755285626324
[debug] [2025-08-15T18:33:09.268Z] >>> [apiv2][query] POST https://upload-firebasehosting.googleapis.com/upload/sites/sohagphysics2/versions/1448303d7732f411/files/7f27aeffe393e397ac575e5425a9335e0b4a4e913033acf002c5131afbe209e6 [none]
[debug] [2025-08-15T18:33:09.268Z] >>> [apiv2][body] POST https://upload-firebasehosting.googleapis.com/upload/sites/sohagphysics2/versions/1448303d7732f411/files/7f27aeffe393e397ac575e5425a9335e0b4a4e913033acf002c5131afbe209e6 [stream]
[debug] [2025-08-15T18:33:57.736Z] [uploadQueue] Retrying task 7f27aeffe393e397ac575e5425a9335e0b4a4e913033acf002c5131afbe209e6
[debug] [2025-08-15T18:33:57.738Z] Checked if tokens are valid: true, expires at: 1755285626324
[debug] [2025-08-15T18:33:57.738Z] Checked if tokens are valid: true, expires at: 1755285626324
[debug] [2025-08-15T18:33:57.739Z] >>> [apiv2][query] POST https://upload-firebasehosting.googleapis.com/upload/sites/sohagphysics2/versions/1448303d7732f411/files/7f27aeffe393e397ac575e5425a9335e0b4a4e913033acf002c5131afbe209e6 [none]
[debug] [2025-08-15T18:33:57.739Z] >>> [apiv2][body] POST https://upload-firebasehosting.googleapis.com/upload/sites/sohagphysics2/versions/1448303d7732f411/files/7f27aeffe393e397ac575e5425a9335e0b4a4e913033acf002c5131afbe209e6 [stream]
[debug] [2025-08-15T18:34:44.551Z] ----------------------------------------------------------------------
[debug] [2025-08-15T18:34:44.555Z] Command:       C:\Program Files\nodejs\node.exe C:\Users\DFIT\AppData\Roaming\npm\node_modules\firebase-tools\lib\bin\firebase.js deploy --only hosting --debug
[debug] [2025-08-15T18:34:44.555Z] CLI Version:   14.12.1
[debug] [2025-08-15T18:34:44.555Z] Platform:      win32
[debug] [2025-08-15T18:34:44.555Z] Node Version:  v22.12.0
[debug] [2025-08-15T18:34:44.556Z] Time:          Sat Aug 16 2025 00:34:44 GMT+0600 (Bangladesh Standard Time)
[debug] [2025-08-15T18:34:44.556Z] ----------------------------------------------------------------------
[debug] 
[debug] [2025-08-15T18:34:44.849Z] > command requires scopes: ["email","openid","https://www.googleapis.com/auth/cloudplatformprojects.readonly","https://www.googleapis.com/auth/firebase","https://www.googleapis.com/auth/cloud-platform"]
[debug] [2025-08-15T18:34:44.850Z] > authorizing via signed-in user (asifdinar7@gmail.com)
[debug] [2025-08-15T18:34:44.851Z] [iam] checking project sohagphysics2 for permissions ["firebase.projects.get","firebasehosting.sites.update"]
[debug] [2025-08-15T18:34:44.853Z] Checked if tokens are valid: true, expires at: 1755285626324
[debug] [2025-08-15T18:34:44.853Z] Checked if tokens are valid: true, expires at: 1755285626324
[debug] [2025-08-15T18:34:44.855Z] >>> [apiv2][query] POST https://cloudresourcemanager.googleapis.com/v1/projects/sohagphysics2:testIamPermissions [none]
[debug] [2025-08-15T18:34:44.856Z] >>> [apiv2][(partial)header] POST https://cloudresourcemanager.googleapis.com/v1/projects/sohagphysics2:testIamPermissions x-goog-quota-user=projects/sohagphysics2
[debug] [2025-08-15T18:34:44.856Z] >>> [apiv2][body] POST https://cloudresourcemanager.googleapis.com/v1/projects/sohagphysics2:testIamPermissions {"permissions":["firebase.projects.get","firebasehosting.sites.update"]}
[debug] [2025-08-15T18:34:46.656Z] <<< [apiv2][status] POST https://cloudresourcemanager.googleapis.com/v1/projects/sohagphysics2:testIamPermissions 200
[debug] [2025-08-15T18:34:46.658Z] <<< [apiv2][body] POST https://cloudresourcemanager.googleapis.com/v1/projects/sohagphysics2:testIamPermissions {"permissions":["firebase.projects.get","firebasehosting.sites.update"]}
[debug] [2025-08-15T18:34:46.660Z] Checked if tokens are valid: true, expires at: 1755285626324
[debug] [2025-08-15T18:34:46.661Z] Checked if tokens are valid: true, expires at: 1755285626324
[debug] [2025-08-15T18:34:46.662Z] >>> [apiv2][query] GET https://firebase.googleapis.com/v1beta1/projects/sohagphysics2 [none]
[debug] [2025-08-15T18:34:48.686Z] <<< [apiv2][status] GET https://firebase.googleapis.com/v1beta1/projects/sohagphysics2 200
[debug] [2025-08-15T18:34:48.687Z] <<< [apiv2][body] GET https://firebase.googleapis.com/v1beta1/projects/sohagphysics2 {"projectId":"sohagphysics2","projectNumber":"568806338937","displayName":"sohagphysics2","name":"projects/sohagphysics2","resources":{"hostingSite":"sohagphysics2","locationId":"asia-southeast1"},"state":"ACTIVE","etag":"1_cbe57119-f310-4755-a21e-741b2b62b160"}
[info] 
[info] === Deploying to 'sohagphysics2'...
[info] 
[info] i  deploying hosting 
[debug] [2025-08-15T18:34:48.707Z] Checked if tokens are valid: true, expires at: 1755285626324
[debug] [2025-08-15T18:34:48.708Z] Checked if tokens are valid: true, expires at: 1755285626324
[debug] [2025-08-15T18:34:48.709Z] >>> [apiv2][query] POST https://firebasehosting.googleapis.com/v1beta1/projects/-/sites/sohagphysics2/versions [none]
[debug] [2025-08-15T18:34:48.710Z] >>> [apiv2][body] POST https://firebasehosting.googleapis.com/v1beta1/projects/-/sites/sohagphysics2/versions {"status":"CREATED","labels":{"deployment-tool":"cli-firebase"}}
[debug] [2025-08-15T18:34:51.000Z] <<< [apiv2][status] POST https://firebasehosting.googleapis.com/v1beta1/projects/-/sites/sohagphysics2/versions 200
[debug] [2025-08-15T18:34:51.001Z] <<< [apiv2][body] POST https://firebasehosting.googleapis.com/v1beta1/projects/-/sites/sohagphysics2/versions {"name":"projects/568806338937/sites/sohagphysics2/versions/93757533d2605805","status":"CREATED","config":{},"labels":{"deployment-tool":"cli-firebase"}}
[info] i  hosting[sohagphysics2]: beginning deploy... 
[info] i  hosting[sohagphysics2]: found 17 files in dist 
[debug] [2025-08-15T18:34:51.056Z] [hosting] uploading with 200 concurrency
[debug] [2025-08-15T18:34:51.068Z] Checked if tokens are valid: true, expires at: 1755285626324
[debug] [2025-08-15T18:34:51.069Z] Checked if tokens are valid: true, expires at: 1755285626324
[debug] [2025-08-15T18:34:51.073Z] [hosting] hash cache [ZGlzdA] stored for 17 files
[debug] [2025-08-15T18:34:51.074Z] [hosting][hash queue][FINAL] {"max":7,"min":1,"avg":1,"active":0,"complete":17,"success":17,"errored":0,"retried":0,"total":17,"elapsed":15}
[debug] [2025-08-15T18:34:51.076Z] >>> [apiv2][query] POST https://firebasehosting.googleapis.com/v1beta1/projects/568806338937/sites/sohagphysics2/versions/93757533d2605805:populateFiles [none]
[debug] [2025-08-15T18:34:51.077Z] >>> [apiv2][body] POST https://firebasehosting.googleapis.com/v1beta1/projects/568806338937/sites/sohagphysics2/versions/93757533d2605805:populateFiles {"files":{"/profile.jpg":"048e5b0d5d39e7eef7b55ff7e7a3c66d3cc382d38adabcd6760adb96e445a479","/logo.png":"b1de0afdd2e98a23bb081b6fce80e0dfed5e44c834454ba8919c53c207d01e47","/logo cropped.png":"69d44433d9c636aae52ad9298c0fc33417f7a9595ad64c2409168822a994b6a9","/index.html":"d98637a50c2db53f05778d760f42d996d3545f40cf385b4e2ba278d63129fd0e","/ChapterNames.json":"ed3d52bdef44ed69663686b6fd7e4217b9e370a53c7a126302921bade9461b23","/bwlogo.png":"6aad70340827d7ce4d6856bb8189b37698ba5589b692b99cbc95ce6d1fb5cb4d","/banner.jpg":"63ef9446cb30bc6a9aa1026600e2f5fed440b218146aea10ce594c182ddcc732","/asif.jpg":"a46fe8d8da8e96c345277322e580bcba19bbe38fd58ecf401a566e62ad53303e","/LottieFiles/registrationAnimation.json":"433090fc61a476cfa4cb3327b7a372257891f776b503d48349b114839f355e4c","/LottieFiles/logoAnimation.json":"a22da6acac26b4b4be6f92b83807b0fe04bf3872285b3729601e7796cf73c02b","/LottieFiles/loginAnimation.json":"03e07f378f979a73bcf5d39a9ca68def3f194bb0d2d26932e3b985c7799681ac","/LottieFiles/loadingAnimation.json":"2c16452043291c5da03117b69f01dd25816f1dea0c0488fb70f3912d7068ec73","/LottieFiles/libraryAnimation.json":"53fb0829fe5739a46617b42c86c42dc9bce068044fe80e98bcdc376d07133b61","/assets/vendor-UQjswnaN.css":"0aa993e6b1e307fd86e6ad224c3b00d1a27a0ed3858939c2c9ff5a55bd462f51","/assets/vendor-BOvHFl_e.js":"7f27aeffe393e397ac575e5425a9335e0b4a4e913033acf002c5131afbe209e6","/assets/index-ByGdpCoc.js":"8f55daf42ff9ec26199ec6029231f569a60adeb729cc7c1356b3ab6d1da09a37","/assets/index-6ZG_Jfze.css":"08b5743cdc45d65bc5e466ad99b7652dfbfb31e3a9810801eddfc00a5712f9e3"}}
[debug] [2025-08-15T18:34:51.656Z] <<< [apiv2][status] POST https://firebasehosting.googleapis.com/v1beta1/projects/568806338937/sites/sohagphysics2/versions/93757533d2605805:populateFiles 200
[debug] [2025-08-15T18:34:51.657Z] <<< [apiv2][body] POST https://firebasehosting.googleapis.com/v1beta1/projects/568806338937/sites/sohagphysics2/versions/93757533d2605805:populateFiles {"uploadRequiredHashes":["7f27aeffe393e397ac575e5425a9335e0b4a4e913033acf002c5131afbe209e6"],"uploadUrl":"https://upload-firebasehosting.googleapis.com/upload/sites/sohagphysics2/versions/93757533d2605805/files"}
[debug] [2025-08-15T18:34:51.660Z] Checked if tokens are valid: true, expires at: 1755285626324
[debug] [2025-08-15T18:34:51.661Z] Checked if tokens are valid: true, expires at: 1755285626324
[debug] [2025-08-15T18:34:51.662Z] >>> [apiv2][query] POST https://upload-firebasehosting.googleapis.com/upload/sites/sohagphysics2/versions/93757533d2605805/files/7f27aeffe393e397ac575e5425a9335e0b4a4e913033acf002c5131afbe209e6 [none]
[debug] [2025-08-15T18:34:51.663Z] >>> [apiv2][body] POST https://upload-firebasehosting.googleapis.com/upload/sites/sohagphysics2/versions/93757533d2605805/files/7f27aeffe393e397ac575e5425a9335e0b4a4e913033acf002c5131afbe209e6 [stream]
[debug] [2025-08-15T18:34:51.667Z] [hosting][populate queue][FINAL] {"max":594,"min":594,"avg":594,"active":0,"complete":1,"success":1,"errored":0,"retried":0,"total":1,"elapsed":600}
[debug] [2025-08-15T18:34:51.669Z] [hosting] uploads queued: 1
[info] i  hosting: uploading new files [0/1] (0%) 
[info] i  hosting: uploading new files [0/1] (0%) 
[info] i  hosting: uploading new files [0/1] (0%) 
[info] i  hosting: uploading new files [0/1] (0%) 
[info] i  hosting: uploading new files [0/1] (0%) 
[info] i  hosting: uploading new files [0/1] (0%) 
[info] i  hosting: uploading new files [0/1] (0%) 
[info] i  hosting: uploading new files [0/1] (0%) 
[info] i  hosting: uploading new files [0/1] (0%) 
[info] i  hosting: uploading new files [0/1] (0%) 
[info] i  hosting: uploading new files [0/1] (0%) 
[info] i  hosting: uploading new files [0/1] (0%) 
[info] i  hosting: uploading new files [0/1] (0%) 
[info] i  hosting: uploading new files [0/1] (0%) 
[info] i  hosting: uploading new files [0/1] (0%) 
[info] i  hosting: uploading new files [0/1] (0%) 
[info] i  hosting: uploading new files [0/1] (0%) 
[info] i  hosting: uploading new files [0/1] (0%) 
[info] i  hosting: uploading new files [0/1] (0%) 
[info] i  hosting: uploading new files [0/1] (0%) 
[info] i  hosting: uploading new files [0/1] (0%) 
[info] i  hosting: uploading new files [0/1] (0%) 
[info] i  hosting: uploading new files [0/1] (0%) 
[info] i  hosting: uploading new files [0/1] (0%) 
[debug] [2025-08-15T18:35:39.734Z] [uploadQueue] Retrying task 7f27aeffe393e397ac575e5425a9335e0b4a4e913033acf002c5131afbe209e6
[debug] [2025-08-15T18:35:39.737Z] Checked if tokens are valid: true, expires at: 1755285626324
[debug] [2025-08-15T18:35:39.737Z] Checked if tokens are valid: true, expires at: 1755285626324
[debug] [2025-08-15T18:35:39.738Z] >>> [apiv2][query] POST https://upload-firebasehosting.googleapis.com/upload/sites/sohagphysics2/versions/93757533d2605805/files/7f27aeffe393e397ac575e5425a9335e0b4a4e913033acf002c5131afbe209e6 [none]
[debug] [2025-08-15T18:35:39.739Z] >>> [apiv2][body] POST https://upload-firebasehosting.googleapis.com/upload/sites/sohagphysics2/versions/93757533d2605805/files/7f27aeffe393e397ac575e5425a9335e0b4a4e913033acf002c5131afbe209e6 [stream]
[info] i  hosting: uploading new files [0/1] (0%) 
[info] i  hosting: uploading new files [0/1] (0%) 
[info] i  hosting: uploading new files [0/1] (0%) 
[info] i  hosting: uploading new files [0/1] (0%) 
[debug] [2025-08-15T18:36:47.143Z] ----------------------------------------------------------------------
[debug] [2025-08-15T18:36:47.147Z] Command:       C:\Program Files\nodejs\node.exe C:\Users\DFIT\AppData\Roaming\npm\node_modules\firebase-tools\lib\bin\firebase.js deploy --only hosting --debug
[debug] [2025-08-15T18:36:47.147Z] CLI Version:   14.12.1
[debug] [2025-08-15T18:36:47.147Z] Platform:      win32
[debug] [2025-08-15T18:36:47.147Z] Node Version:  v22.12.0
[debug] [2025-08-15T18:36:47.148Z] Time:          Sat Aug 16 2025 00:36:47 GMT+0600 (Bangladesh Standard Time)
[debug] [2025-08-15T18:36:47.148Z] ----------------------------------------------------------------------
[debug] 
[debug] [2025-08-15T18:36:47.425Z] > command requires scopes: ["email","openid","https://www.googleapis.com/auth/cloudplatformprojects.readonly","https://www.googleapis.com/auth/firebase","https://www.googleapis.com/auth/cloud-platform"]
[debug] [2025-08-15T18:36:47.426Z] > authorizing via signed-in user (asifdinar7@gmail.com)
[debug] [2025-08-15T18:36:47.426Z] [iam] checking project sohagphysics2 for permissions ["firebase.projects.get","firebasehosting.sites.update"]
[debug] [2025-08-15T18:36:47.428Z] Checked if tokens are valid: true, expires at: 1755285626324
[debug] [2025-08-15T18:36:47.429Z] Checked if tokens are valid: true, expires at: 1755285626324
[debug] [2025-08-15T18:36:47.430Z] >>> [apiv2][query] POST https://cloudresourcemanager.googleapis.com/v1/projects/sohagphysics2:testIamPermissions [none]
[debug] [2025-08-15T18:36:47.431Z] >>> [apiv2][(partial)header] POST https://cloudresourcemanager.googleapis.com/v1/projects/sohagphysics2:testIamPermissions x-goog-quota-user=projects/sohagphysics2
[debug] [2025-08-15T18:36:47.431Z] >>> [apiv2][body] POST https://cloudresourcemanager.googleapis.com/v1/projects/sohagphysics2:testIamPermissions {"permissions":["firebase.projects.get","firebasehosting.sites.update"]}
[debug] [2025-08-15T18:36:50.580Z] <<< [apiv2][status] POST https://cloudresourcemanager.googleapis.com/v1/projects/sohagphysics2:testIamPermissions 200
[debug] [2025-08-15T18:36:50.581Z] <<< [apiv2][body] POST https://cloudresourcemanager.googleapis.com/v1/projects/sohagphysics2:testIamPermissions {"permissions":["firebase.projects.get","firebasehosting.sites.update"]}
[debug] [2025-08-15T18:36:50.583Z] Checked if tokens are valid: true, expires at: 1755285626324
[debug] [2025-08-15T18:36:50.584Z] Checked if tokens are valid: true, expires at: 1755285626324
[debug] [2025-08-15T18:36:50.585Z] >>> [apiv2][query] GET https://firebase.googleapis.com/v1beta1/projects/sohagphysics2 [none]
[debug] [2025-08-15T18:36:51.887Z] <<< [apiv2][status] GET https://firebase.googleapis.com/v1beta1/projects/sohagphysics2 200
[debug] [2025-08-15T18:36:51.887Z] <<< [apiv2][body] GET https://firebase.googleapis.com/v1beta1/projects/sohagphysics2 {"projectId":"sohagphysics2","projectNumber":"568806338937","displayName":"sohagphysics2","name":"projects/sohagphysics2","resources":{"hostingSite":"sohagphysics2","locationId":"asia-southeast1"},"state":"ACTIVE","etag":"1_cbe57119-f310-4755-a21e-741b2b62b160"}
[info] 
[info] === Deploying to 'sohagphysics2'...
[info] 
[info] i  deploying hosting 
[debug] [2025-08-15T18:36:51.906Z] Checked if tokens are valid: true, expires at: 1755285626324
[debug] [2025-08-15T18:36:51.907Z] Checked if tokens are valid: true, expires at: 1755285626324
[debug] [2025-08-15T18:36:51.908Z] >>> [apiv2][query] POST https://firebasehosting.googleapis.com/v1beta1/projects/-/sites/sohagphysics2/versions [none]
[debug] [2025-08-15T18:36:51.909Z] >>> [apiv2][body] POST https://firebasehosting.googleapis.com/v1beta1/projects/-/sites/sohagphysics2/versions {"status":"CREATED","labels":{"deployment-tool":"cli-firebase"}}
[debug] [2025-08-15T18:36:55.233Z] <<< [apiv2][status] POST https://firebasehosting.googleapis.com/v1beta1/projects/-/sites/sohagphysics2/versions 200
[debug] [2025-08-15T18:36:55.234Z] <<< [apiv2][body] POST https://firebasehosting.googleapis.com/v1beta1/projects/-/sites/sohagphysics2/versions {"name":"projects/568806338937/sites/sohagphysics2/versions/0bfb543827213a36","status":"CREATED","config":{},"labels":{"deployment-tool":"cli-firebase"}}
[info] i  hosting[sohagphysics2]: beginning deploy... 
[info] i  hosting[sohagphysics2]: found 17 files in dist 
[debug] [2025-08-15T18:36:55.290Z] [hosting] uploading with 200 concurrency
[debug] [2025-08-15T18:36:55.430Z] Checked if tokens are valid: true, expires at: 1755285626324
[debug] [2025-08-15T18:36:55.431Z] Checked if tokens are valid: true, expires at: 1755285626324
[debug] [2025-08-15T18:36:55.432Z] [hosting] hash cache [ZGlzdA] stored for 17 files
[debug] [2025-08-15T18:36:55.433Z] [hosting][hash queue][FINAL] {"max":134,"min":1,"avg":12.411764705882353,"active":0,"complete":17,"success":17,"errored":0,"retried":0,"total":17,"elapsed":141}
[debug] [2025-08-15T18:36:55.433Z] >>> [apiv2][query] POST https://firebasehosting.googleapis.com/v1beta1/projects/568806338937/sites/sohagphysics2/versions/0bfb543827213a36:populateFiles [none]
[debug] [2025-08-15T18:36:55.434Z] >>> [apiv2][body] POST https://firebasehosting.googleapis.com/v1beta1/projects/568806338937/sites/sohagphysics2/versions/0bfb543827213a36:populateFiles {"files":{"/profile.jpg":"048e5b0d5d39e7eef7b55ff7e7a3c66d3cc382d38adabcd6760adb96e445a479","/logo.png":"b1de0afdd2e98a23bb081b6fce80e0dfed5e44c834454ba8919c53c207d01e47","/logo cropped.png":"69d44433d9c636aae52ad9298c0fc33417f7a9595ad64c2409168822a994b6a9","/ChapterNames.json":"ed3d52bdef44ed69663686b6fd7e4217b9e370a53c7a126302921bade9461b23","/bwlogo.png":"6aad70340827d7ce4d6856bb8189b37698ba5589b692b99cbc95ce6d1fb5cb4d","/banner.jpg":"63ef9446cb30bc6a9aa1026600e2f5fed440b218146aea10ce594c182ddcc732","/asif.jpg":"a46fe8d8da8e96c345277322e580bcba19bbe38fd58ecf401a566e62ad53303e","/LottieFiles/registrationAnimation.json":"433090fc61a476cfa4cb3327b7a372257891f776b503d48349b114839f355e4c","/LottieFiles/logoAnimation.json":"a22da6acac26b4b4be6f92b83807b0fe04bf3872285b3729601e7796cf73c02b","/LottieFiles/loginAnimation.json":"03e07f378f979a73bcf5d39a9ca68def3f194bb0d2d26932e3b985c7799681ac","/LottieFiles/loadingAnimation.json":"2c16452043291c5da03117b69f01dd25816f1dea0c0488fb70f3912d7068ec73","/LottieFiles/libraryAnimation.json":"53fb0829fe5739a46617b42c86c42dc9bce068044fe80e98bcdc376d07133b61","/index.html":"d98637a50c2db53f05778d760f42d996d3545f40cf385b4e2ba278d63129fd0e","/assets/vendor-UQjswnaN.css":"0aa993e6b1e307fd86e6ad224c3b00d1a27a0ed3858939c2c9ff5a55bd462f51","/assets/index-6ZG_Jfze.css":"08b5743cdc45d65bc5e466ad99b7652dfbfb31e3a9810801eddfc00a5712f9e3","/assets/index-ByGdpCoc.js":"8f55daf42ff9ec26199ec6029231f569a60adeb729cc7c1356b3ab6d1da09a37","/assets/vendor-BOvHFl_e.js":"7f27aeffe393e397ac575e5425a9335e0b4a4e913033acf002c5131afbe209e6"}}
[debug] [2025-08-15T18:36:56.125Z] <<< [apiv2][status] POST https://firebasehosting.googleapis.com/v1beta1/projects/568806338937/sites/sohagphysics2/versions/0bfb543827213a36:populateFiles 200
[debug] [2025-08-15T18:36:56.126Z] <<< [apiv2][body] POST https://firebasehosting.googleapis.com/v1beta1/projects/568806338937/sites/sohagphysics2/versions/0bfb543827213a36:populateFiles {"uploadRequiredHashes":["7f27aeffe393e397ac575e5425a9335e0b4a4e913033acf002c5131afbe209e6"],"uploadUrl":"https://upload-firebasehosting.googleapis.com/upload/sites/sohagphysics2/versions/0bfb543827213a36/files"}
[debug] [2025-08-15T18:36:56.130Z] Checked if tokens are valid: true, expires at: 1755285626324
[debug] [2025-08-15T18:36:56.131Z] Checked if tokens are valid: true, expires at: 1755285626324
[debug] [2025-08-15T18:36:56.132Z] >>> [apiv2][query] POST https://upload-firebasehosting.googleapis.com/upload/sites/sohagphysics2/versions/0bfb543827213a36/files/7f27aeffe393e397ac575e5425a9335e0b4a4e913033acf002c5131afbe209e6 [none]
[debug] [2025-08-15T18:36:56.133Z] >>> [apiv2][body] POST https://upload-firebasehosting.googleapis.com/upload/sites/sohagphysics2/versions/0bfb543827213a36/files/7f27aeffe393e397ac575e5425a9335e0b4a4e913033acf002c5131afbe209e6 [stream]
[debug] [2025-08-15T18:36:56.138Z] [hosting][populate queue][FINAL] {"max":701,"min":701,"avg":701,"active":0,"complete":1,"success":1,"errored":0,"retried":0,"total":1,"elapsed":708}
[debug] [2025-08-15T18:36:56.139Z] [hosting] uploads queued: 1
[info] i  hosting: uploading new files [0/1] (0%) 
[info] i  hosting: uploading new files [0/1] (0%) 
[info] i  hosting: uploading new files [0/1] (0%) 
[info] i  hosting: uploading new files [0/1] (0%) 
[info] i  hosting: uploading new files [0/1] (0%) 
[info] i  hosting: uploading new files [0/1] (0%) 
[info] i  hosting: uploading new files [0/1] (0%) 
[info] i  hosting: uploading new files [0/1] (0%) 
[info] i  hosting: uploading new files [0/1] (0%) 
[info] i  hosting: uploading new files [0/1] (0%) 
[info] i  hosting: uploading new files [0/1] (0%) 
[info] i  hosting: uploading new files [0/1] (0%) 
[info] i  hosting: uploading new files [0/1] (0%) 
[info] i  hosting: uploading new files [0/1] (0%) 
[info] i  hosting: uploading new files [0/1] (0%) 
[info] i  hosting: uploading new files [0/1] (0%) 
[info] i  hosting: uploading new files [0/1] (0%) 
[info] i  hosting: uploading new files [0/1] (0%) 
[info] i  hosting: uploading new files [0/1] (0%) 
[info] i  hosting: uploading new files [0/1] (0%) 
[info] i  hosting: uploading new files [0/1] (0%) 
[info] i  hosting: uploading new files [0/1] (0%) 
[info] i  hosting: uploading new files [0/1] (0%) 
[info] i  hosting: uploading new files [0/1] (0%) 
[debug] [2025-08-15T18:37:44.222Z] [uploadQueue] Retrying task 7f27aeffe393e397ac575e5425a9335e0b4a4e913033acf002c5131afbe209e6
[debug] [2025-08-15T18:37:44.225Z] Checked if tokens are valid: true, expires at: 1755285626324
[debug] [2025-08-15T18:37:44.226Z] Checked if tokens are valid: true, expires at: 1755285626324
[debug] [2025-08-15T18:37:44.227Z] >>> [apiv2][query] POST https://upload-firebasehosting.googleapis.com/upload/sites/sohagphysics2/versions/0bfb543827213a36/files/7f27aeffe393e397ac575e5425a9335e0b4a4e913033acf002c5131afbe209e6 [none]
[debug] [2025-08-15T18:37:44.228Z] >>> [apiv2][body] POST https://upload-firebasehosting.googleapis.com/upload/sites/sohagphysics2/versions/0bfb543827213a36/files/7f27aeffe393e397ac575e5425a9335e0b4a4e913033acf002c5131afbe209e6 [stream]
[info] i  hosting: uploading new files [0/1] (0%) 
[info] i  hosting: uploading new files [0/1] (0%) 
[info] i  hosting: uploading new files [0/1] (0%) 
[info] i  hosting: uploading new files [0/1] (0%) 
[info] i  hosting: uploading new files [0/1] (0%) 
[info] i  hosting: uploading new files [0/1] (0%) 
[info] i  hosting: uploading new files [0/1] (0%) 
[info] i  hosting: uploading new files [0/1] (0%) 
[info] i  hosting: uploading new files [0/1] (0%) 
[info] i  hosting: uploading new files [0/1] (0%) 
[info] i  hosting: uploading new files [0/1] (0%) 
[info] i  hosting: uploading new files [0/1] (0%) 
[info] i  hosting: uploading new files [0/1] (0%) 
[info] i  hosting: uploading new files [0/1] (0%) 
[info] i  hosting: uploading new files [0/1] (0%) 
[info] i  hosting: uploading new files [0/1] (0%) 
[info] i  hosting: uploading new files [0/1] (0%) 
[info] i  hosting: uploading new files [0/1] (0%) 
[info] i  hosting: uploading new files [0/1] (0%) 
[info] i  hosting: uploading new files [0/1] (0%) 
[info] i  hosting: uploading new files [0/1] (0%) 
[info] i  hosting: uploading new files [0/1] (0%) 
[info] i  hosting: uploading new files [0/1] (0%) 
[info] i  hosting: uploading new files [0/1] (0%) 
[debug] [2025-08-15T18:38:32.699Z] [uploadQueue] Retrying task 7f27aeffe393e397ac575e5425a9335e0b4a4e913033acf002c5131afbe209e6
[debug] [2025-08-15T18:38:32.700Z] Checked if tokens are valid: true, expires at: 1755285626324
[debug] [2025-08-15T18:38:32.701Z] Checked if tokens are valid: true, expires at: 1755285626324
[debug] [2025-08-15T18:38:32.702Z] >>> [apiv2][query] POST https://upload-firebasehosting.googleapis.com/upload/sites/sohagphysics2/versions/0bfb543827213a36/files/7f27aeffe393e397ac575e5425a9335e0b4a4e913033acf002c5131afbe209e6 [none]
[debug] [2025-08-15T18:38:32.703Z] >>> [apiv2][body] POST https://upload-firebasehosting.googleapis.com/upload/sites/sohagphysics2/versions/0bfb543827213a36/files/7f27aeffe393e397ac575e5425a9335e0b4a4e913033acf002c5131afbe209e6 [stream]
[info] i  hosting: uploading new files [0/1] (0%) 
[info] i  hosting: uploading new files [0/1] (0%) 
[info] i  hosting: uploading new files [0/1] (0%) 
[info] i  hosting: uploading new files [0/1] (0%) 
[info] i  hosting: uploading new files [0/1] (0%) 
[info] i  hosting: uploading new files [0/1] (0%) 
[info] i  hosting: uploading new files [0/1] (0%) 
[info] i  hosting: uploading new files [0/1] (0%) 
